
Jun 28, 2022 13:28:14.43 NEW SESSION
Jun 28, 2022 13:28:14.43 [3564:9252:0628/132814.424:ERROR:device_event_log_impl.cc(214)] [13:28:14.423] USB: usb_device_handle_win.cc:1048 Failed to read descriptor from node connection: A device attached to the system is not functioning. (0x1F)
Jun 28, 2022 13:29:09.82 [3564:10084:0628/132909.825:ERROR:util.cc(127)] Can't create base directory: C:\Program Files\Google\GoogleUpdater

Jun 28, 2022 15:46:41.11 NEW SESSION
Jun 28, 2022 15:46:41.11 [7868:8004:0628/154641.106:ERROR:device_event_log_impl.cc(214)] [15:46:41.106] USB: usb_device_handle_win.cc:1048 Failed to read descriptor from node connection: A device attached to the system is not functioning. (0x1F)
Jun 28, 2022 15:46:41.11 [7868:8004:0628/154641.107:ERROR:device_event_log_impl.cc(214)] [15:46:41.106] USB: usb_device_handle_win.cc:1048 Failed to read descriptor from node connection: A device attached to the system is not functioning. (0x1F)
Jun 28, 2022 15:47:36.52 [7868:9344:0628/154736.523:ERROR:util.cc(127)] Can't create base directory: C:\Program Files\Google\GoogleUpdater
Jun 28, 2022 15:49:18.91 [7868:5628:0628/154918.913:ERROR:connection_factory_impl.cc(425)] Failed to connect to MCS endpoint with error -106
Jun 28, 2022 15:51:25.19 [7868:5628:0628/155125.192:ERROR:connection_factory_impl.cc(425)] Failed to connect to MCS endpoint with error -7
Jun 28, 2022 15:54:53.14 [7868:5628:0628/155453.145:ERROR:connection_factory_impl.cc(425)] Failed to connect to MCS endpoint with error -106
Jun 28, 2022 16:01:58.73 [7868:5628:0628/160158.732:ERROR:connection_factory_impl.cc(425)] Failed to connect to MCS endpoint with error -7
Jun 28, 2022 16:02:15.07 [7868:4464:0628/160215.071:ERROR:get_updates_processor.cc(260)] PostClientToServerMessage() failed during GetUpdates with error 2
Jun 28, 2022 16:02:45.26 [7868:4464:0628/160245.263:ERROR:get_updates_processor.cc(260)] PostClientToServerMessage() failed during GetUpdates with error 2
Jun 28, 2022 16:06:25.33 [7868:5628:0628/160625.336:ERROR:connection_factory_impl.cc(425)] Failed to connect to MCS endpoint with error -118

Jun 28, 2022 17:17:03.13 NEW SESSION
Jun 28, 2022 17:17:03.13 [8860:7564:0628/171703.125:ERROR:device_event_log_impl.cc(214)] [17:17:03.125] USB: usb_device_handle_win.cc:1048 Failed to read descriptor from node connection: A device attached to the system is not functioning. (0x1F)
Jun 28, 2022 17:17:59.60 [8860:7972:0628/171759.606:ERROR:util.cc(127)] Can't create base directory: C:\Program Files\Google\GoogleUpdater
Jun 28, 2022 17:27:22.90 [8860:6016:0628/172722.906:ERROR:connection_factory_impl.cc(425)] Failed to connect to MCS endpoint with error -106
Jun 28, 2022 17:27:47.61 [8860:6016:0628/172747.614:ERROR:connection_factory_impl.cc(425)] Failed to connect to MCS endpoint with error -106
Jun 28, 2022 17:28:28.01 [8860:6016:0628/172828.015:ERROR:connection_factory_impl.cc(425)] Failed to connect to MCS endpoint with error -106
Jun 28, 2022 17:29:54.87 [8860:6016:0628/172954.873:ERROR:connection_factory_impl.cc(425)] Failed to connect to MCS endpoint with error -106
Jun 28, 2022 17:33:37.38 [8860:6016:0628/173337.384:ERROR:connection_factory_impl.cc(425)] Failed to connect to MCS endpoint with error -106
Jun 28, 2022 17:40:19.12 [8860:6016:0628/174019.121:ERROR:connection_factory_impl.cc(425)] Failed to connect to MCS endpoint with error -106
Jun 28, 2022 18:01:40.95 [8860:6016:0628/180140.952:ERROR:connection_factory_impl.cc(425)] Failed to connect to MCS endpoint with error -106
Jun 28, 2022 18:02:08.32 [8860:6016:0628/180208.320:ERROR:connection_factory_impl.cc(425)] Failed to connect to MCS endpoint with error -106
Jun 28, 2022 18:03:05.52 [8860:6016:0628/180305.526:ERROR:connection_factory_impl.cc(425)] Failed to connect to MCS endpoint with error -106
Jun 28, 2022 18:04:29.33 [8860:6016:0628/180429.336:ERROR:connection_factory_impl.cc(425)] Failed to connect to MCS endpoint with error -106
Jun 28, 2022 18:07:33.92 [8860:6016:0628/180733.925:ERROR:connection_factory_impl.cc(425)] Failed to connect to MCS endpoint with error -106

Jun 28, 2022 22:52:07.98 NEW SESSION
Jun 28, 2022 22:52:07.98 [7760:6164:0628/225207.971:ERROR:device_event_log_impl.cc(214)] [22:52:07.971] USB: usb_device_handle_win.cc:1048 Failed to read descriptor from node connection: A device attached to the system is not functioning. (0x1F)
Jun 28, 2022 22:52:08.18 [7760:5680:0628/225208.182:ERROR:connection_factory_impl.cc(425)] Failed to connect to MCS endpoint with error -106
Jun 28, 2022 22:52:35.90 [7760:5680:0628/225235.901:ERROR:connection_factory_impl.cc(425)] Failed to connect to MCS endpoint with error -106
Jun 28, 2022 22:53:04.65 [7760:412:0628/225304.656:ERROR:util.cc(127)] Can't create base directory: C:\Program Files\Google\GoogleUpdater
Jun 28, 2022 22:53:17.10 [7760:5680:0628/225317.102:ERROR:connection_factory_impl.cc(425)] Failed to connect to MCS endpoint with error -106
Jun 28, 2022 22:54:14.09 [6052:2672:0628/225414.098:ERROR:device_event_log_impl.cc(214)] [22:54:14.097] USB: usb_device_handle_win.cc:1048 Failed to read descriptor from node connection: A device attached to the system is not functioning. (0x1F)
Jun 28, 2022 22:54:14.29 [6052:3744:0628/225414.298:ERROR:connection_factory_impl.cc(425)] Failed to connect to MCS endpoint with error -106
Jun 28, 2022 22:54:35.54 [6052:3744:0628/225435.540:ERROR:connection_factory_impl.cc(425)] Failed to connect to MCS endpoint with error -106
Jun 28, 2022 22:55:10.97 [6052:5804:0628/225510.975:ERROR:util.cc(127)] Can't create base directory: C:\Program Files\Google\GoogleUpdater
Jun 28, 2022 22:55:31.41 [6052:3744:0628/225531.411:ERROR:connection_factory_impl.cc(425)] Failed to connect to MCS endpoint with error -106
Jun 28, 2022 22:56:58.26 [6052:3744:0628/225658.265:ERROR:connection_factory_impl.cc(425)] Failed to connect to MCS endpoint with error -106
Jun 28, 2022 22:57:05.10 [6052:3744:0628/225705.099:ERROR:connection_factory_impl.cc(425)] Failed to connect to MCS endpoint with error -105
Jun 28, 2022 23:11:53.55 [6052:3744:0628/231153.550:ERROR:connection_factory_impl.cc(425)] Failed to connect to MCS endpoint with error -106
Jun 28, 2022 23:12:16.56 [6052:9564:0628/231216.561:ERROR:get_updates_processor.cc(260)] PostClientToServerMessage() failed during GetUpdates with error 2
Jun 28, 2022 23:12:22.61 [6052:3744:0628/231222.613:ERROR:connection_factory_impl.cc(425)] Failed to connect to MCS endpoint with error -106
Jun 28, 2022 23:13:11.42 [6052:3744:0628/231311.423:ERROR:connection_factory_impl.cc(425)] Failed to connect to MCS endpoint with error -106
Jun 28, 2022 23:13:31.57 [6052:9424:0628/231331.570:ERROR:get_updates_processor.cc(260)] PostClientToServerMessage() failed during GetUpdates with error 2
Jun 28, 2022 23:14:34.77 [6052:3744:0628/231434.769:ERROR:connection_factory_impl.cc(425)] Failed to connect to MCS endpoint with error -106
Jun 28, 2022 23:16:39.08 [6052:9564:0628/231639.077:ERROR:get_updates_processor.cc(260)] PostClientToServerMessage() failed during GetUpdates with error 2
Jun 28, 2022 23:17:35.71 [6052:3744:0628/231735.714:ERROR:connection_factory_impl.cc(425)] Failed to connect to MCS endpoint with error -106
Jun 28, 2022 23:19:18.06 [6052:3744:0628/231918.061:ERROR:connection_factory_impl.cc(425)] Failed to connect to MCS endpoint with error -106
Jun 28, 2022 23:23:37.91 [6052:3744:0628/232337.913:ERROR:connection_factory_impl.cc(425)] Failed to connect to MCS endpoint with error -106
Jun 28, 2022 23:24:31.80 [6052:3744:0628/232431.802:ERROR:connection_factory_impl.cc(425)] Failed to connect to MCS endpoint with error -106

Jun 29, 2022 11:56:27.72 NEW SESSION
Jun 29, 2022 11:56:27.72 [3812:6372:0629/115627.719:ERROR:device_event_log_impl.cc(214)] [11:56:27.718] USB: usb_device_handle_win.cc:1048 Failed to read descriptor from node connection: A device attached to the system is not functioning. (0x1F)
Jun 29, 2022 11:57:25.20 [3812:8524:0629/115725.208:ERROR:util.cc(127)] Can't create base directory: C:\Program Files\Google\GoogleUpdater

Jul 01, 2022 11:58:13.73 NEW SESSION
Jul 01, 2022 11:58:13.73 [1280:648:0701/115813.729:ERROR:device_event_log_impl.cc(214)] [11:58:13.729] USB: usb_device_handle_win.cc:1048 Failed to read descriptor from node connection: A device attached to the system is not functioning. (0x1F)
Jul 01, 2022 12:01:37.63 [7988:6096:0701/120137.635:ERROR:device_event_log_impl.cc(214)] [12:01:37.634] USB: usb_device_handle_win.cc:1048 Failed to read descriptor from node connection: A device attached to the system is not functioning. (0x1F)
Jul 01, 2022 12:02:34.90 [7988:8144:0701/120234.903:ERROR:util.cc(127)] Can't create base directory: C:\Program Files\Google\GoogleUpdater

Jul 02, 2022 15:35:33.11 NEW SESSION
Jul 02, 2022 15:35:33.11 [4544:6124:0702/153533.116:ERROR:device_event_log_impl.cc(214)] [15:35:33.120] USB: usb_device_handle_win.cc:1048 Failed to read descriptor from node connection: A device attached to the system is not functioning. (0x1F)
Jul 02, 2022 15:36:29.56 [4544:6968:0702/153629.566:ERROR:util.cc(127)] Can't create base directory: C:\Program Files\Google\GoogleUpdater

Jul 06, 2022 14:01:32.68 NEW SESSION
Jul 06, 2022 14:01:32.68 [1612:10160:0706/140132.685:ERROR:backend_impl.cc(1042)] Critical error found -8
Jul 06, 2022 14:01:32.69 [1612:10160:0706/140132.686:ERROR:entry_impl.cc(1001)] Failed to save user data
Jul 06, 2022 14:01:34.71 [1612:7960:0706/140134.717:ERROR:device_event_log_impl.cc(214)] [14:01:34.718] USB: usb_device_handle_win.cc:1048 Failed to read descriptor from node connection: A device attached to the system is not functioning. (0x1F)
Jul 06, 2022 14:02:31.12 [1612:8028:0706/140231.126:ERROR:util.cc(127)] Can't create base directory: C:\Program Files\Google\GoogleUpdater
Jul 06, 2022 14:33:55.31 [1612:7960:0706/143355.314:ERROR:device_event_log_impl.cc(214)] [14:33:55.314] USB: usb_service_win.cc:104 SetupDiGetDeviceProperty({{A45C254E-DF1C-4EFD-8020-67D146A850E0}, 6}) failed: Element not found. (0x490)
Jul 06, 2022 14:33:56.13 [1612:6148:0706/143356.131:ERROR:connection_factory_impl.cc(425)] Failed to connect to MCS endpoint with error -106

Jul 10, 2022 09:41:49.47 NEW SESSION
Jul 10, 2022 09:41:49.47 [4720:3796:0710/094149.473:ERROR:device_event_log_impl.cc(214)] [09:41:49.473] USB: usb_device_handle_win.cc:1048 Failed to read descriptor from node connection: A device attached to the system is not functioning. (0x1F)
Jul 10, 2022 09:41:49.66 [4720:1340:0710/094149.668:ERROR:connection_factory_impl.cc(425)] Failed to connect to MCS endpoint with error -106
Jul 10, 2022 09:42:11.47 [4720:1340:0710/094211.478:ERROR:connection_factory_impl.cc(425)] Failed to connect to MCS endpoint with error -106
Jul 10, 2022 09:42:44.87 [4720:11284:0710/094244.873:ERROR:util.cc(127)] Can't create base directory: C:\Program Files\Google\GoogleUpdater
Jul 10, 2022 09:43:10.26 [4720:1340:0710/094310.264:ERROR:connection_factory_impl.cc(425)] Failed to connect to MCS endpoint with error -106
Jul 10, 2022 09:44:33.48 [4720:1340:0710/094433.482:ERROR:connection_factory_impl.cc(425)] Failed to connect to MCS endpoint with error -106
Jul 10, 2022 09:47:47.13 [4720:1340:0710/094747.136:ERROR:connection_factory_impl.cc(425)] Failed to connect to MCS endpoint with error -106
Jul 10, 2022 09:54:05.36 [4720:1340:0710/095405.368:ERROR:connection_factory_impl.cc(425)] Failed to connect to MCS endpoint with error -106
Jul 10, 2022 10:04:05.38 [4720:1340:0710/100405.381:ERROR:connection_factory_impl.cc(425)] Failed to connect to MCS endpoint with error -106
Jul 10, 2022 10:14:05.39 [4720:1340:0710/101405.392:ERROR:connection_factory_impl.cc(425)] Failed to connect to MCS endpoint with error -106
Jul 10, 2022 10:24:05.40 [4720:1340:0710/102405.407:ERROR:connection_factory_impl.cc(425)] Failed to connect to MCS endpoint with error -106
Jul 10, 2022 10:34:05.41 [4720:1340:0710/103405.411:ERROR:connection_factory_impl.cc(425)] Failed to connect to MCS endpoint with error -106
Jul 10, 2022 10:44:05.42 [4720:1340:0710/104405.427:ERROR:connection_factory_impl.cc(425)] Failed to connect to MCS endpoint with error -106
Jul 10, 2022 10:54:05.44 [4720:1340:0710/105405.440:ERROR:connection_factory_impl.cc(425)] Failed to connect to MCS endpoint with error -106
Jul 10, 2022 11:04:05.45 [4720:1340:0710/110405.453:ERROR:connection_factory_impl.cc(425)] Failed to connect to MCS endpoint with error -106
Jul 10, 2022 11:08:58.11 [4720:3796:0710/110858.119:ERROR:account_info_fetcher.cc(62)] OnGetTokenFailure: Connection failed (-106).
Jul 10, 2022 11:14:05.45 [4720:1340:0710/111405.457:ERROR:connection_factory_impl.cc(425)] Failed to connect to MCS endpoint with error -106
Jul 10, 2022 11:24:05.46 [4720:1340:0710/112405.468:ERROR:connection_factory_impl.cc(425)] Failed to connect to MCS endpoint with error -106
Jul 10, 2022 11:34:05.48 [4720:1340:0710/113405.482:ERROR:connection_factory_impl.cc(425)] Failed to connect to MCS endpoint with error -106
Jul 10, 2022 11:44:05.48 [4720:1340:0710/114405.487:ERROR:connection_factory_impl.cc(425)] Failed to connect to MCS endpoint with error -106
Jul 10, 2022 12:38:07.11 [4720:1340:0710/123807.113:ERROR:connection_factory_impl.cc(425)] Failed to connect to MCS endpoint with error -106
Jul 10, 2022 12:48:07.12 [4720:1340:0710/124807.122:ERROR:connection_factory_impl.cc(425)] Failed to connect to MCS endpoint with error -106
Jul 10, 2022 12:58:07.12 [4720:1340:0710/125807.129:ERROR:connection_factory_impl.cc(425)] Failed to connect to MCS endpoint with error -106
Jul 10, 2022 14:26:11.51 [4720:1340:0710/142611.509:ERROR:connection_factory_impl.cc(425)] Failed to connect to MCS endpoint with error -105
Jul 10, 2022 14:27:44.18 [4720:3796:0710/142744.183:ERROR:device_event_log_impl.cc(214)] [14:27:44.184] USB: usb_service_win.cc:104 SetupDiGetDeviceProperty({{A45C254E-DF1C-4EFD-8020-67D146A850E0}, 6}) failed: Element not found. (0x490)
Jul 10, 2022 14:27:45.09 [4720:1340:0710/142745.092:ERROR:connection_factory_impl.cc(425)] Failed to connect to MCS endpoint with error -106
Jul 10, 2022 14:28:10.29 [4720:1340:0710/142810.296:ERROR:connection_factory_impl.cc(425)] Failed to connect to MCS endpoint with error -106
Jul 10, 2022 14:29:03.48 [4720:1340:0710/142903.487:ERROR:connection_factory_impl.cc(425)] Failed to connect to MCS endpoint with error -106
Jul 10, 2022 14:30:24.95 [4720:1340:0710/143024.956:ERROR:connection_factory_impl.cc(425)] Failed to connect to MCS endpoint with error -106
Jul 10, 2022 14:33:07.93 [4720:1340:0710/143307.938:ERROR:connection_factory_impl.cc(425)] Failed to connect to MCS endpoint with error -106

Jul 11, 2022 13:16:37.38 NEW SESSION
Jul 11, 2022 13:16:37.38 [2932:9764:0711/131637.375:ERROR:device_event_log_impl.cc(214)] [13:16:37.374] USB: usb_device_handle_win.cc:1048 Failed to read descriptor from node connection: A device attached to the system is not functioning. (0x1F)
Jul 11, 2022 13:17:32.98 [2932:5680:0711/131732.986:ERROR:util.cc(127)] Can't create base directory: C:\Program Files\Google\GoogleUpdater

Jul 11, 2022 20:29:33.07 NEW SESSION
Jul 11, 2022 20:29:33.07 [9096:4732:0711/202933.068:ERROR:device_event_log_impl.cc(214)] [20:29:33.068] USB: usb_device_handle_win.cc:1048 Failed to read descriptor from node connection: A device attached to the system is not functioning. (0x1F)
Jul 11, 2022 20:29:33.28 [9096:6764:0711/202933.281:ERROR:connection_factory_impl.cc(425)] Failed to connect to MCS endpoint with error -106
Jul 11, 2022 20:29:57.52 [9096:6764:0711/202957.524:ERROR:connection_factory_impl.cc(425)] Failed to connect to MCS endpoint with error -106
Jul 11, 2022 20:30:29.74 [9096:10120:0711/203029.745:ERROR:util.cc(127)] Can't create base directory: C:\Program Files\Google\GoogleUpdater
Jul 11, 2022 20:30:56.34 [9096:6764:0711/203056.346:ERROR:connection_factory_impl.cc(425)] Failed to connect to MCS endpoint with error -106
Jul 11, 2022 20:32:19.89 [9096:6764:0711/203219.892:ERROR:connection_factory_impl.cc(425)] Failed to connect to MCS endpoint with error -106
Jul 11, 2022 20:36:06.01 [9096:6764:0711/203606.015:ERROR:connection_factory_impl.cc(425)] Failed to connect to MCS endpoint with error -106
Jul 11, 2022 20:43:04.96 [9096:6764:0711/204304.967:ERROR:connection_factory_impl.cc(425)] Failed to connect to MCS endpoint with error -106

Jul 12, 2022 15:30:41.41 NEW SESSION
Jul 12, 2022 15:30:41.41 [4588:5072:0712/153041.403:ERROR:device_event_log_impl.cc(214)] [15:30:41.404] USB: usb_device_handle_win.cc:1048 Failed to read descriptor from node connection: A device attached to the system is not functioning. (0x1F)
Jul 12, 2022 15:31:07.07 [4588:6572:0712/153107.074:ERROR:get_updates_processor.cc(260)] PostClientToServerMessage() failed during GetUpdates with error 2
Jul 12, 2022 15:31:36.79 [4588:7700:0712/153136.796:ERROR:util.cc(127)] Can't create base directory: C:\Program Files\Google\GoogleUpdater
Jul 12, 2022 17:00:19.30 [4588:9064:0712/170019.301:ERROR:connection_factory_impl.cc(425)] Failed to connect to MCS endpoint with error -105
Jul 12, 2022 17:00:25.07 [4588:9064:0712/170025.071:ERROR:connection_factory_impl.cc(425)] Failed to connect to MCS endpoint with error -105

Jul 13, 2022 09:47:31.04 NEW SESSION
Jul 13, 2022 09:47:31.04 [11320:5440:0713/094731.042:ERROR:device_event_log_impl.cc(214)] [09:47:31.042] USB: usb_device_handle_win.cc:1048 Failed to read descriptor from node connection: A device attached to the system is not functioning. (0x1F)
Jul 13, 2022 09:48:25.90 [11320:4904:0713/094825.897:ERROR:util.cc(127)] Can't create base directory: C:\Program Files\Google\GoogleUpdater

Jul 13, 2022 15:20:14.84 NEW SESSION
Jul 13, 2022 15:20:14.84 [7716:900:0713/152014.829:ERROR:device_event_log_impl.cc(214)] [15:20:14.829] USB: usb_device_handle_win.cc:1048 Failed to read descriptor from node connection: A device attached to the system is not functioning. (0x1F)
Jul 13, 2022 15:20:15.07 [7716:6004:0713/152015.073:ERROR:connection_factory_impl.cc(425)] Failed to connect to MCS endpoint with error -106
Jul 13, 2022 15:20:15.07 [7716:6004:0713/152015.075:ERROR:registration_request.cc(247)] Registration URL fetching failed.
Jul 13, 2022 15:20:15.07 [7716:6004:0713/152015.075:ERROR:registration_request.cc(247)] Registration URL fetching failed.
Jul 13, 2022 15:20:15.07 [7716:6004:0713/152015.075:ERROR:registration_request.cc(247)] Registration URL fetching failed.
Jul 13, 2022 15:20:15.08 [7716:6004:0713/152015.075:ERROR:registration_request.cc(247)] Registration URL fetching failed.
Jul 13, 2022 15:20:35.57 [7716:6004:0713/152035.569:ERROR:registration_request.cc(247)] Registration URL fetching failed.
Jul 13, 2022 15:20:37.43 [7716:6004:0713/152037.438:ERROR:registration_request.cc(247)] Registration URL fetching failed.
Jul 13, 2022 15:20:40.42 [7716:6004:0713/152040.422:ERROR:registration_request.cc(247)] Registration URL fetching failed.
Jul 13, 2022 15:20:40.70 [7716:6004:0713/152040.702:ERROR:registration_request.cc(247)] Registration URL fetching failed.
Jul 13, 2022 15:20:44.78 [7716:6004:0713/152044.786:ERROR:connection_factory_impl.cc(425)] Failed to connect to MCS endpoint with error -106
Jul 13, 2022 15:21:11.43 [7716:3956:0713/152111.430:ERROR:util.cc(127)] Can't create base directory: C:\Program Files\Google\GoogleUpdater
Jul 13, 2022 15:21:27.93 [7716:6004:0713/152127.933:ERROR:registration_request.cc(247)] Registration URL fetching failed.
Jul 13, 2022 15:21:28.50 [7716:6004:0713/152128.508:ERROR:registration_request.cc(247)] Registration URL fetching failed.
Jul 13, 2022 15:21:33.76 [7716:6004:0713/152133.763:ERROR:registration_request.cc(247)] Registration URL fetching failed.
Jul 13, 2022 15:21:34.64 [7716:6004:0713/152134.648:ERROR:registration_request.cc(247)] Registration URL fetching failed.
Jul 13, 2022 15:21:44.06 [7716:6004:0713/152144.063:ERROR:connection_factory_impl.cc(425)] Failed to connect to MCS endpoint with error -106
Jul 13, 2022 15:22:51.01 [7716:6004:0713/152251.013:ERROR:registration_request.cc(247)] Registration URL fetching failed.
Jul 13, 2022 15:22:58.80 [7716:6004:0713/152258.803:ERROR:registration_request.cc(247)] Registration URL fetching failed.
Jul 13, 2022 15:23:10.76 [7716:6004:0713/152310.765:ERROR:registration_request.cc(247)] Registration URL fetching failed.
Jul 13, 2022 15:23:22.13 [7716:6004:0713/152322.132:ERROR:connection_factory_impl.cc(425)] Failed to connect to MCS endpoint with error -106
Jul 13, 2022 15:23:28.07 [7716:6004:0713/152328.070:ERROR:registration_request.cc(247)] Registration URL fetching failed.
Jul 13, 2022 15:25:49.14 [7716:6004:0713/152549.147:ERROR:registration_request.cc(247)] Registration URL fetching failed.
Jul 13, 2022 15:26:35.03 [7716:6004:0713/152635.031:ERROR:connection_factory_impl.cc(425)] Failed to connect to MCS endpoint with error -106
Jul 13, 2022 15:26:43.96 [7716:6004:0713/152643.968:ERROR:registration_request.cc(247)] Registration URL fetching failed.
Jul 13, 2022 15:26:44.40 [7716:6004:0713/152644.403:ERROR:registration_request.cc(247)] Registration URL fetching failed.
Jul 13, 2022 15:26:45.32 [7716:6004:0713/152645.325:ERROR:registration_request.cc(247)] Registration URL fetching failed.
Jul 13, 2022 15:32:35.01 [7716:6004:0713/153235.013:ERROR:registration_request.cc(247)] Registration URL fetching failed.
Jul 13, 2022 15:32:40.61 [7716:6004:0713/153240.610:ERROR:registration_request.cc(247)] Registration URL fetching failed.
Jul 13, 2022 15:32:40.61 [7716:900:0713/153240.611:ERROR:sharing_service.cc(210)] Device registration failed with transient error
Jul 13, 2022 15:33:08.50 [7716:6004:0713/153308.499:ERROR:connection_factory_impl.cc(425)] Failed to connect to MCS endpoint with error -106
Jul 13, 2022 15:33:23.11 [7716:6004:0713/153323.115:ERROR:registration_request.cc(247)] Registration URL fetching failed.
Jul 13, 2022 15:33:39.81 [7716:6004:0713/153339.818:ERROR:registration_request.cc(247)] Registration URL fetching failed.
Jul 13, 2022 15:37:35.72 [7716:6004:0713/153735.722:ERROR:registration_request.cc(247)] Registration URL fetching failed.
Jul 13, 2022 15:37:56.33 [7716:6004:0713/153756.332:ERROR:registration_request.cc(247)] Registration URL fetching failed.
Jul 13, 2022 15:38:47.38 [7716:6004:0713/153847.385:ERROR:registration_request.cc(247)] Registration URL fetching failed.
Jul 13, 2022 15:40:13.23 [7716:6004:0713/154013.229:ERROR:registration_request.cc(247)] Registration URL fetching failed.
Jul 13, 2022 15:43:08.51 [7716:6004:0713/154308.513:ERROR:connection_factory_impl.cc(425)] Failed to connect to MCS endpoint with error -106
Jul 13, 2022 15:43:39.38 [7716:6004:0713/154339.384:ERROR:registration_request.cc(247)] Registration URL fetching failed.
Jul 13, 2022 15:50:27.39 [7716:6004:0713/155027.398:ERROR:registration_request.cc(247)] Registration URL fetching failed.
Jul 13, 2022 15:50:27.40 [7716:900:0713/155027.398:ERROR:sharing_service.cc(210)] Device registration failed with transient error
Jul 13, 2022 15:53:08.51 [7716:6004:0713/155308.519:ERROR:connection_factory_impl.cc(425)] Failed to connect to MCS endpoint with error -106
Jul 13, 2022 15:59:49.73 [7716:6004:0713/155949.736:ERROR:registration_request.cc(247)] Registration URL fetching failed.
Jul 13, 2022 16:00:14.70 [7716:6004:0713/160014.701:ERROR:registration_request.cc(247)] Registration URL fetching failed.
Jul 13, 2022 16:01:02.93 [7716:6004:0713/160102.939:ERROR:registration_request.cc(247)] Registration URL fetching failed.
Jul 13, 2022 16:02:46.20 [7716:6004:0713/160246.201:ERROR:registration_request.cc(247)] Registration URL fetching failed.
Jul 13, 2022 16:03:08.52 [7716:6004:0713/160308.524:ERROR:connection_factory_impl.cc(425)] Failed to connect to MCS endpoint with error -106
Jul 13, 2022 16:06:34.16 [7716:6004:0713/160634.161:ERROR:registration_request.cc(247)] Registration URL fetching failed.
Jul 13, 2022 16:12:32.23 [7716:6004:0713/161232.239:ERROR:registration_request.cc(247)] Registration URL fetching failed.
Jul 13, 2022 16:12:32.23 [7716:900:0713/161232.239:ERROR:sharing_service.cc(210)] Device registration failed with transient error
Jul 13, 2022 16:13:08.52 [7716:6004:0713/161308.520:ERROR:connection_factory_impl.cc(425)] Failed to connect to MCS endpoint with error -106
Jul 13, 2022 16:23:08.53 [7716:6004:0713/162308.539:ERROR:connection_factory_impl.cc(425)] Failed to connect to MCS endpoint with error -106
Jul 13, 2022 16:31:15.88 [7716:6004:0713/163115.875:ERROR:registration_request.cc(247)] Registration URL fetching failed.
Jul 13, 2022 16:31:39.87 [7716:6004:0713/163139.549:ERROR:registration_request.cc(247)] Registration URL fetching failed.
Jul 13, 2022 16:32:36.10 [7716:6004:0713/163236.106:ERROR:registration_request.cc(247)] Registration URL fetching failed.
Jul 13, 2022 16:33:08.54 [7716:6004:0713/163308.548:ERROR:connection_factory_impl.cc(425)] Failed to connect to MCS endpoint with error -106
Jul 13, 2022 16:34:12.84 [7716:6004:0713/163412.843:ERROR:registration_request.cc(247)] Registration URL fetching failed.
Jul 13, 2022 16:37:41.29 [7716:6004:0713/163741.290:ERROR:registration_request.cc(247)] Registration URL fetching failed.
Jul 13, 2022 16:43:03.02 [7716:6004:0713/164303.026:ERROR:registration_request.cc(247)] Registration URL fetching failed.
Jul 13, 2022 16:43:03.03 [7716:900:0713/164303.029:ERROR:sharing_service.cc(210)] Device registration failed with transient error
Jul 13, 2022 16:43:08.55 [7716:6004:0713/164308.553:ERROR:connection_factory_impl.cc(425)] Failed to connect to MCS endpoint with error -106
Jul 13, 2022 16:45:06.95 [6224:5644:0713/164506.957:ERROR:device_event_log_impl.cc(214)] [16:45:06.949] USB: usb_device_handle_win.cc:1048 Failed to read descriptor from node connection: A device attached to the system is not functioning. (0x1F)
Jul 13, 2022 16:45:07.17 [6224:9328:0713/164507.172:ERROR:connection_factory_impl.cc(425)] Failed to connect to MCS endpoint with error -106
Jul 13, 2022 16:45:07.17 [6224:9328:0713/164507.173:ERROR:registration_request.cc(247)] Registration URL fetching failed.
Jul 13, 2022 16:45:07.17 [6224:9328:0713/164507.173:ERROR:registration_request.cc(247)] Registration URL fetching failed.
Jul 13, 2022 16:45:07.17 [6224:9328:0713/164507.173:ERROR:registration_request.cc(247)] Registration URL fetching failed.
Jul 13, 2022 16:45:07.17 [6224:9328:0713/164507.174:ERROR:registration_request.cc(247)] Registration URL fetching failed.
Jul 13, 2022 16:45:28.13 [6224:9328:0713/164528.131:ERROR:registration_request.cc(247)] Registration URL fetching failed.
Jul 13, 2022 16:45:28.45 [6224:9328:0713/164528.457:ERROR:registration_request.cc(247)] Registration URL fetching failed.
Jul 13, 2022 16:45:32.25 [6224:9328:0713/164532.254:ERROR:registration_request.cc(247)] Registration URL fetching failed.
Jul 13, 2022 16:45:34.96 [6224:9328:0713/164534.962:ERROR:registration_request.cc(247)] Registration URL fetching failed.
Jul 13, 2022 16:45:35.99 [6224:9328:0713/164535.990:ERROR:connection_factory_impl.cc(425)] Failed to connect to MCS endpoint with error -106
Jul 13, 2022 16:46:03.02 [6224:8804:0713/164603.022:ERROR:util.cc(127)] Can't create base directory: C:\Program Files\Google\GoogleUpdater
Jul 13, 2022 16:46:17.26 [6224:9328:0713/164617.267:ERROR:connection_factory_impl.cc(425)] Failed to connect to MCS endpoint with error -106
Jul 13, 2022 16:46:17.92 [6224:9328:0713/164617.925:ERROR:registration_request.cc(247)] Registration URL fetching failed.
Jul 13, 2022 16:46:25.37 [6224:9328:0713/164625.371:ERROR:registration_request.cc(247)] Registration URL fetching failed.
Jul 13, 2022 16:46:26.84 [6224:9328:0713/164626.846:ERROR:registration_request.cc(247)] Registration URL fetching failed.
Jul 13, 2022 16:46:28.22 [6224:9328:0713/164628.223:ERROR:registration_request.cc(247)] Registration URL fetching failed.
Jul 13, 2022 16:47:51.89 [6224:9328:0713/164751.890:ERROR:registration_request.cc(247)] Registration URL fetching failed.
Jul 13, 2022 16:47:54.90 [6224:9328:0713/164754.905:ERROR:registration_request.cc(247)] Registration URL fetching failed.
Jul 13, 2022 16:48:07.88 [6224:9328:0713/164807.889:ERROR:registration_request.cc(247)] Registration URL fetching failed.
Jul 13, 2022 16:48:15.98 [6224:9328:0713/164815.982:ERROR:connection_factory_impl.cc(425)] Failed to connect to MCS endpoint with error -106
Jul 13, 2022 16:48:21.76 [6224:9328:0713/164821.764:ERROR:registration_request.cc(247)] Registration URL fetching failed.
Jul 13, 2022 16:50:50.07 [6224:9328:0713/165050.077:ERROR:registration_request.cc(247)] Registration URL fetching failed.
Jul 13, 2022 16:51:24.52 [6224:9328:0713/165124.523:ERROR:registration_request.cc(247)] Registration URL fetching failed.
Jul 13, 2022 16:51:32.11 [6224:9328:0713/165132.111:ERROR:registration_request.cc(247)] Registration URL fetching failed.
Jul 13, 2022 16:51:35.52 [6224:9328:0713/165135.523:ERROR:connection_factory_impl.cc(425)] Failed to connect to MCS endpoint with error -106
Jul 13, 2022 16:51:50.77 [6224:9328:0713/165150.774:ERROR:registration_request.cc(247)] Registration URL fetching failed.
Jul 13, 2022 16:57:55.20 [6224:9328:0713/165755.201:ERROR:connection_factory_impl.cc(425)] Failed to connect to MCS endpoint with error -106
Jul 13, 2022 16:58:32.37 [6224:9328:0713/165832.378:ERROR:registration_request.cc(247)] Registration URL fetching failed.
Jul 13, 2022 16:58:34.05 [6224:9328:0713/165834.052:ERROR:registration_request.cc(247)] Registration URL fetching failed.
Jul 13, 2022 16:59:25.94 [6224:9328:0713/165925.945:ERROR:registration_request.cc(247)] Registration URL fetching failed.
Jul 13, 2022 16:59:25.94 [6224:5644:0713/165925.945:ERROR:sharing_service.cc(210)] Device registration failed with transient error
Jul 13, 2022 16:59:42.11 [6224:9328:0713/165942.114:ERROR:registration_request.cc(247)] Registration URL fetching failed.
Jul 13, 2022 17:03:57.24 [6224:9328:0713/170357.241:ERROR:registration_request.cc(247)] Registration URL fetching failed.
Jul 13, 2022 17:04:19.73 [6224:9328:0713/170419.733:ERROR:registration_request.cc(247)] Registration URL fetching failed.
Jul 13, 2022 17:05:12.07 [6224:9328:0713/170512.078:ERROR:registration_request.cc(247)] Registration URL fetching failed.
Jul 13, 2022 17:06:41.39 [6224:9328:0713/170641.396:ERROR:registration_request.cc(247)] Registration URL fetching failed.
Jul 13, 2022 17:07:55.21 [6224:9328:0713/170755.209:ERROR:connection_factory_impl.cc(425)] Failed to connect to MCS endpoint with error -106
Jul 13, 2022 17:10:18.26 [6224:9328:0713/171018.259:ERROR:registration_request.cc(247)] Registration URL fetching failed.

Jul 14, 2022 10:34:30.55 NEW SESSION
Jul 14, 2022 10:34:30.55 [1148:1812:0714/103430.551:ERROR:device_event_log_impl.cc(214)] [10:34:30.551] USB: usb_device_handle_win.cc:1048 Failed to read descriptor from node connection: A device attached to the system is not functioning. (0x1F)
Jul 14, 2022 10:35:27.98 [1148:8224:0714/103527.987:ERROR:util.cc(127)] Can't create base directory: C:\Program Files\Google\GoogleUpdater

Jul 14, 2022 13:08:32.81 NEW SESSION
Jul 14, 2022 13:08:32.81 [2432:3576:0714/130832.813:ERROR:device_event_log_impl.cc(214)] [13:08:32.813] USB: usb_device_handle_win.cc:1048 Failed to read descriptor from node connection: A device attached to the system is not functioning. (0x1F)
Jul 14, 2022 13:09:29.78 [2432:5672:0714/130929.780:ERROR:util.cc(127)] Can't create base directory: C:\Program Files\Google\GoogleUpdater

Jul 14, 2022 17:37:55.18 NEW SESSION
Jul 14, 2022 17:37:55.18 [8980:6700:0714/173755.158:ERROR:device_event_log_impl.cc(214)] [17:37:55.158] USB: usb_device_handle_win.cc:1048 Failed to read descriptor from node connection: A device attached to the system is not functioning. (0x1F)
Jul 14, 2022 17:38:50.92 [8980:4556:0714/173850.925:ERROR:util.cc(127)] Can't create base directory: C:\Program Files\Google\GoogleUpdater

Jul 15, 2022 09:27:59.75 NEW SESSION
Jul 15, 2022 09:27:59.75 [8268:5108:0715/092759.749:ERROR:device_event_log_impl.cc(214)] [09:27:59.749] USB: usb_device_handle_win.cc:1048 Failed to read descriptor from node connection: A device attached to the system is not functioning. (0x1F)
Jul 15, 2022 09:27:59.88 [8268:10528:0715/092759.885:ERROR:connection_factory_impl.cc(425)] Failed to connect to MCS endpoint with error -106
Jul 15, 2022 09:28:21.01 [8268:10528:0715/092821.017:ERROR:connection_factory_impl.cc(425)] Failed to connect to MCS endpoint with error -106
Jul 15, 2022 09:28:55.99 [8268:5020:0715/092855.993:ERROR:util.cc(127)] Can't create base directory: C:\Program Files\Google\GoogleUpdater
Jul 15, 2022 09:28:57.53 [8268:10528:0715/092857.538:ERROR:connection_factory_impl.cc(425)] Failed to connect to MCS endpoint with error -105
Jul 15, 2022 09:29:22.63 [8268:5108:0715/092922.634:ERROR:device_event_log_impl.cc(214)] [09:29:22.634] USB: usb_service_win.cc:104 SetupDiGetDeviceProperty({{A45C254E-DF1C-4EFD-8020-67D146A850E0}, 6}) failed: Element not found. (0x490)
Jul 15, 2022 09:29:23.25 [8268:10528:0715/092923.257:ERROR:connection_factory_impl.cc(425)] Failed to connect to MCS endpoint with error -106
Jul 15, 2022 09:29:46.11 [8268:10528:0715/092946.115:ERROR:connection_factory_impl.cc(425)] Failed to connect to MCS endpoint with error -106
Jul 15, 2022 09:30:30.21 [8268:10528:0715/093030.218:ERROR:connection_factory_impl.cc(425)] Failed to connect to MCS endpoint with error -106
Jul 15, 2022 09:31:58.22 [8268:10528:0715/093158.220:ERROR:connection_factory_impl.cc(425)] Failed to connect to MCS endpoint with error -106
Jul 15, 2022 09:34:58.70 [8268:10528:0715/093458.708:ERROR:connection_factory_impl.cc(425)] Failed to connect to MCS endpoint with error -106
Jul 15, 2022 09:42:24.95 [8268:10528:0715/094224.957:ERROR:connection_factory_impl.cc(425)] Failed to connect to MCS endpoint with error -106
Jul 15, 2022 09:45:33.74 [8268:5108:0715/094533.746:ERROR:interface_endpoint_client.cc(665)] Message 1 rejected by interface blink.mojom.WidgetHost
Jul 15, 2022 09:58:13.48 [8268:10528:0715/095813.481:ERROR:connection_factory_impl.cc(425)] Failed to connect to MCS endpoint with error -106
Jul 15, 2022 09:59:07.30 [8268:10528:0715/095907.305:ERROR:connection_factory_impl.cc(425)] Failed to connect to MCS endpoint with error -106
Jul 15, 2022 10:00:58.29 [8268:10528:0715/100058.290:ERROR:connection_factory_impl.cc(425)] Failed to connect to MCS endpoint with error -106
Jul 15, 2022 10:03:41.47 [8268:10528:0715/100341.469:ERROR:connection_factory_impl.cc(425)] Failed to connect to MCS endpoint with error -106
Jul 15, 2022 10:09:18.64 [8268:10528:0715/100918.640:ERROR:connection_factory_impl.cc(425)] Failed to connect to MCS endpoint with error -106

Jul 15, 2022 11:51:46.83 NEW SESSION
Jul 15, 2022 11:51:46.84 [1744:1792:0715/115146.833:ERROR:device_event_log_impl.cc(214)] [11:51:46.828] USB: usb_device_handle_win.cc:1048 Failed to read descriptor from node connection: A device attached to the system is not functioning. (0x1F)
Jul 15, 2022 11:51:46.91 [1744:7728:0715/115146.919:ERROR:connection_factory_impl.cc(425)] Failed to connect to MCS endpoint with error -106
Jul 15, 2022 11:52:07.33 [1744:7728:0715/115207.332:ERROR:connection_factory_impl.cc(425)] Failed to connect to MCS endpoint with error -106
Jul 15, 2022 11:52:44.33 [1744:7696:0715/115244.338:ERROR:util.cc(127)] Can't create base directory: C:\Program Files\Google\GoogleUpdater
Jul 15, 2022 11:52:48.93 [1744:7728:0715/115248.936:ERROR:connection_factory_impl.cc(425)] Failed to connect to MCS endpoint with error -106
Jul 15, 2022 11:54:10.65 [1744:7728:0715/115410.652:ERROR:connection_factory_impl.cc(425)] Failed to connect to MCS endpoint with error -106
Jul 15, 2022 11:57:03.04 [1744:7728:0715/115703.045:ERROR:connection_factory_impl.cc(425)] Failed to connect to MCS endpoint with error -106
Jul 15, 2022 12:02:25.19 [1744:7728:0715/120225.198:ERROR:connection_factory_impl.cc(425)] Failed to connect to MCS endpoint with error -106
Jul 15, 2022 12:12:25.21 [1744:7728:0715/121225.210:ERROR:connection_factory_impl.cc(425)] Failed to connect to MCS endpoint with error -106
Jul 15, 2022 12:22:25.22 [1744:7728:0715/122225.221:ERROR:connection_factory_impl.cc(425)] Failed to connect to MCS endpoint with error -106

Jul 15, 2022 13:12:49.30 NEW SESSION
Jul 15, 2022 13:12:49.30 [1392:9600:0715/131249.301:ERROR:device_event_log_impl.cc(214)] [13:12:49.300] USB: usb_device_handle_win.cc:1048 Failed to read descriptor from node connection: A device attached to the system is not functioning. (0x1F)
Jul 15, 2022 13:13:46.42 [1392:9948:0715/131346.426:ERROR:util.cc(127)] Can't create base directory: C:\Program Files\Google\GoogleUpdater
Jul 15, 2022 13:27:59.30 [1392:9044:0715/132759.301:ERROR:get_updates_processor.cc(260)] PostClientToServerMessage() failed during GetUpdates with error 2
Jul 15, 2022 13:28:01.31 [1392:8708:0715/132801.312:ERROR:connection_factory_impl.cc(425)] Failed to connect to MCS endpoint with error -106
Jul 15, 2022 14:06:19.77 [1392:8708:0715/140619.769:ERROR:connection_factory_impl.cc(425)] Failed to connect to MCS endpoint with error -106
Jul 15, 2022 14:06:55.68 [1392:8708:0715/140655.687:ERROR:connection_factory_impl.cc(425)] Failed to connect to MCS endpoint with error -105
Jul 15, 2022 14:07:09.71 [1392:8708:0715/140709.715:ERROR:connection_factory_impl.cc(425)] Failed to connect to MCS endpoint with error -105
Jul 15, 2022 14:07:10.98 [1392:9600:0715/140710.981:ERROR:device_event_log_impl.cc(214)] [14:07:10.981] USB: usb_service_win.cc:104 SetupDiGetDeviceProperty({{A45C254E-DF1C-4EFD-8020-67D146A850E0}, 6}) failed: Element not found. (0x490)
Jul 15, 2022 14:07:11.73 [1392:8708:0715/140711.730:ERROR:connection_factory_impl.cc(425)] Failed to connect to MCS endpoint with error -106
Jul 15, 2022 14:09:49.79 [1392:8708:0715/140949.789:ERROR:connection_factory_impl.cc(425)] Failed to connect to MCS endpoint with error -105
Jul 15, 2022 14:09:51.79 [1392:8708:0715/140951.796:ERROR:connection_factory_impl.cc(425)] Failed to connect to MCS endpoint with error -106

Jul 15, 2022 23:11:19.51 NEW SESSION
Jul 15, 2022 23:11:19.51 [2184:8204:0715/231119.505:ERROR:device_event_log_impl.cc(214)] [23:11:19.502] USB: usb_device_handle_win.cc:1048 Failed to read descriptor from node connection: A device attached to the system is not functioning. (0x1F)
Jul 15, 2022 23:12:16.09 [2184:6516:0715/231216.095:ERROR:util.cc(127)] Can't create base directory: C:\Program Files\Google\GoogleUpdater

Jul 16, 2022 09:07:14.66 NEW SESSION
Jul 16, 2022 09:07:14.66 [9080:8108:0716/090714.669:ERROR:device_event_log_impl.cc(214)] [09:07:14.665] USB: usb_device_handle_win.cc:1048 Failed to read descriptor from node connection: A device attached to the system is not functioning. (0x1F)
Jul 16, 2022 09:08:10.79 [9080:4816:0716/090810.792:ERROR:util.cc(127)] Can't create base directory: C:\Program Files\Google\GoogleUpdater

Jul 16, 2022 13:23:17.51 NEW SESSION
Jul 16, 2022 13:23:17.51 [248:8576:0716/132317.507:ERROR:device_event_log_impl.cc(214)] [13:23:17.507] USB: usb_device_handle_win.cc:1048 Failed to read descriptor from node connection: A device attached to the system is not functioning. (0x1F)
Jul 16, 2022 13:24:14.63 [248:8532:0716/132414.628:ERROR:util.cc(127)] Can't create base directory: C:\Program Files\Google\GoogleUpdater
Jul 16, 2022 14:04:48.77 [248:3700:0716/140448.760:ERROR:connection_factory_impl.cc(425)] Failed to connect to MCS endpoint with error -106
Jul 16, 2022 14:05:19.89 [248:3700:0716/140519.892:ERROR:connection_factory_impl.cc(425)] Failed to connect to MCS endpoint with error -105
Jul 16, 2022 14:05:21.26 [248:8576:0716/140521.260:ERROR:device_event_log_impl.cc(214)] [14:05:21.263] USB: usb_service_win.cc:104 SetupDiGetDeviceProperty({{A45C254E-DF1C-4EFD-8020-67D146A850E0}, 6}) failed: Element not found. (0x490)
Jul 16, 2022 14:05:21.93 [248:3700:0716/140521.932:ERROR:connection_factory_impl.cc(425)] Failed to connect to MCS endpoint with error -106
Jul 16, 2022 14:05:47.71 [248:3700:0716/140547.710:ERROR:connection_factory_impl.cc(425)] Failed to connect to MCS endpoint with error -331
Jul 16, 2022 14:05:58.62 [248:3700:0716/140558.620:ERROR:connection_factory_impl.cc(425)] Failed to connect to MCS endpoint with error -106
Jul 16, 2022 14:06:19.57 [248:3700:0716/140619.570:ERROR:connection_factory_impl.cc(425)] Failed to connect to MCS endpoint with error -331
Jul 16, 2022 14:06:51.99 [248:3700:0716/140651.999:ERROR:connection_factory_impl.cc(425)] Failed to connect to MCS endpoint with error -106
Jul 16, 2022 14:12:43.94 [248:3700:0716/141243.933:ERROR:connection_factory_impl.cc(425)] Failed to connect to MCS endpoint with error -105
Jul 16, 2022 14:50:50.33 [248:3700:0716/145050.339:ERROR:connection_factory_impl.cc(425)] Failed to connect to MCS endpoint with error -105
Jul 16, 2022 15:03:41.62 [248:8576:0716/150341.627:ERROR:device_event_log_impl.cc(214)] [15:03:41.634] USB: usb_service_win.cc:104 SetupDiGetDeviceProperty({{A45C254E-DF1C-4EFD-8020-67D146A850E0}, 6}) failed: Element not found. (0x490)
Jul 16, 2022 15:03:42.58 [248:3700:0716/150342.581:ERROR:connection_factory_impl.cc(425)] Failed to connect to MCS endpoint with error -106
Jul 16, 2022 15:03:50.29 [248:3700:0716/150350.298:ERROR:connection_factory_impl.cc(425)] Failed to connect to MCS endpoint with error -105
Jul 16, 2022 15:04:28.49 [248:3700:0716/150428.494:ERROR:connection_factory_impl.cc(425)] Failed to connect to MCS endpoint with error -7
Jul 16, 2022 15:04:38.22 [248:3700:0716/150438.227:ERROR:connection_factory_impl.cc(425)] Failed to connect to MCS endpoint with error -106
Jul 16, 2022 15:07:43.60 [248:3700:0716/150743.607:ERROR:connection_factory_impl.cc(425)] Failed to connect to MCS endpoint with error -7

Jul 16, 2022 15:45:35.89 NEW SESSION
Jul 16, 2022 15:45:35.89 [5596:624:0716/154535.884:ERROR:device_event_log_impl.cc(214)] [15:45:35.884] USB: usb_device_handle_win.cc:1048 Failed to read descriptor from node connection: A device attached to the system is not functioning. (0x1F)
Jul 16, 2022 15:45:36.05 [5596:5164:0716/154536.058:ERROR:connection_factory_impl.cc(425)] Failed to connect to MCS endpoint with error -106
Jul 16, 2022 15:45:57.16 [5596:5164:0716/154557.162:ERROR:connection_factory_impl.cc(425)] Failed to connect to MCS endpoint with error -106
Jul 16, 2022 15:46:32.91 [5596:3492:0716/154632.909:ERROR:util.cc(127)] Can't create base directory: C:\Program Files\Google\GoogleUpdater
Jul 16, 2022 15:46:45.88 [5596:5164:0716/154645.884:ERROR:connection_factory_impl.cc(425)] Failed to connect to MCS endpoint with error -106
Jul 16, 2022 15:48:00.48 [5596:5164:0716/154800.486:ERROR:connection_factory_impl.cc(425)] Failed to connect to MCS endpoint with error -105
Jul 16, 2022 15:52:35.45 [5596:5164:0716/155235.459:ERROR:connection_factory_impl.cc(425)] Failed to connect to MCS endpoint with error -106
Jul 16, 2022 15:53:02.66 [5596:5164:0716/155302.668:ERROR:connection_factory_impl.cc(425)] Failed to connect to MCS endpoint with error -106
Jul 16, 2022 15:57:55.98 [5596:5164:0716/155755.985:ERROR:connection_factory_impl.cc(425)] Failed to connect to MCS endpoint with error -106
Jul 16, 2022 15:58:22.19 [5596:5164:0716/155822.195:ERROR:connection_factory_impl.cc(425)] Failed to connect to MCS endpoint with error -106
Jul 16, 2022 15:59:16.24 [5596:5164:0716/155916.240:ERROR:connection_factory_impl.cc(425)] Failed to connect to MCS endpoint with error -106
Jul 16, 2022 16:01:00.89 [5596:5164:0716/160100.892:ERROR:connection_factory_impl.cc(425)] Failed to connect to MCS endpoint with error -106
Jul 16, 2022 16:03:02.85 [5596:5164:0716/160302.852:ERROR:connection_factory_impl.cc(425)] Failed to connect to MCS endpoint with error -7
Jul 16, 2022 16:05:03.60 [5596:5164:0716/160503.600:ERROR:connection_factory_impl.cc(425)] Failed to connect to MCS endpoint with error -106
Jul 16, 2022 16:05:44.55 [5596:5164:0716/160544.555:ERROR:connection_factory_impl.cc(425)] Failed to connect to MCS endpoint with error -7
Jul 16, 2022 16:06:00.80 [5596:5164:0716/160600.800:ERROR:connection_factory_impl.cc(425)] Failed to connect to MCS endpoint with error -106

Jul 19, 2022 13:51:58.16 NEW SESSION
Jul 19, 2022 13:51:58.16 [8348:9188:0719/135158.163:ERROR:device_event_log_impl.cc(214)] [13:51:58.162] USB: usb_device_handle_win.cc:1048 Failed to read descriptor from node connection: A device attached to the system is not functioning. (0x1F)
Jul 19, 2022 13:51:58.24 [8348:7372:0719/135158.247:ERROR:connection_factory_impl.cc(425)] Failed to connect to MCS endpoint with error -105
Jul 19, 2022 13:52:23.29 [8348:7372:0719/135223.296:ERROR:connection_factory_impl.cc(425)] Failed to connect to MCS endpoint with error -106
Jul 19, 2022 13:52:41.84 [8348:7372:0719/135241.845:ERROR:connection_factory_impl.cc(425)] Failed to connect to MCS endpoint with error -105
Jul 19, 2022 13:52:44.00 [8348:7372:0719/135244.008:ERROR:connection_factory_impl.cc(425)] Failed to connect to MCS endpoint with error -105

Jul 19, 2022 14:01:19.43 NEW SESSION
Jul 19, 2022 14:01:19.43 [6544:9772:0719/140119.427:ERROR:device_event_log_impl.cc(214)] [14:01:19.426] USB: usb_device_handle_win.cc:1048 Failed to read descriptor from node connection: A device attached to the system is not functioning. (0x1F)
Jul 19, 2022 14:02:16.74 [6544:4632:0719/140216.741:ERROR:util.cc(127)] Can't create base directory: C:\Program Files\Google\GoogleUpdater

Jul 19, 2022 16:39:26.17 NEW SESSION
Jul 19, 2022 16:39:26.17 [1296:8720:0719/163926.172:ERROR:device_event_log_impl.cc(214)] [16:39:26.172] USB: usb_device_handle_win.cc:1048 Failed to read descriptor from node connection: A device attached to the system is not functioning. (0x1F)
Jul 19, 2022 16:39:55.99 [1296:8928:0719/163955.996:ERROR:connection_factory_impl.cc(425)] Failed to connect to MCS endpoint with error -106
Jul 19, 2022 16:40:18.09 [1296:8928:0719/164018.091:ERROR:connection_factory_impl.cc(425)] Failed to connect to MCS endpoint with error -106
Jul 19, 2022 16:40:21.54 [1296:8916:0719/164021.540:ERROR:util.cc(127)] Can't create base directory: C:\Program Files\Google\GoogleUpdater
Jul 19, 2022 16:41:07.75 [1296:8928:0719/164107.751:ERROR:connection_factory_impl.cc(425)] Failed to connect to MCS endpoint with error -106
Jul 19, 2022 16:42:02.64 [1296:8928:0719/164202.640:ERROR:connection_factory_impl.cc(425)] Failed to connect to MCS endpoint with error -7
Jul 19, 2022 16:44:25.70 [1296:2884:0719/164425.705:ERROR:get_updates_processor.cc(260)] PostClientToServerMessage() failed during GetUpdates with error 2
Jul 19, 2022 16:44:25.70 [1296:2884:0719/164425.709:ERROR:get_updates_processor.cc(260)] PostClientToServerMessage() failed during GetUpdates with error 2
Jul 19, 2022 16:45:18.88 [1296:8928:0719/164518.887:ERROR:connection_factory_impl.cc(425)] Failed to connect to MCS endpoint with error -106
Jul 19, 2022 16:45:40.72 [1296:8352:0719/164540.724:ERROR:get_updates_processor.cc(260)] PostClientToServerMessage() failed during GetUpdates with error 2
Jul 19, 2022 16:50:21.98 [1296:5608:0719/165021.988:ERROR:get_updates_processor.cc(260)] PostClientToServerMessage() failed during GetUpdates with error 2
Jul 19, 2022 16:53:15.41 [1296:8928:0719/165315.419:ERROR:connection_factory_impl.cc(425)] Failed to connect to MCS endpoint with error -106
Jul 19, 2022 17:00:21.99 [1296:5892:0719/170021.996:ERROR:get_updates_processor.cc(260)] PostClientToServerMessage() failed during GetUpdates with error 2
Jul 19, 2022 17:03:15.42 [1296:8928:0719/170315.423:ERROR:connection_factory_impl.cc(425)] Failed to connect to MCS endpoint with error -106
Jul 19, 2022 17:10:22.01 [1296:2884:0719/171022.011:ERROR:get_updates_processor.cc(260)] PostClientToServerMessage() failed during GetUpdates with error 2
Jul 19, 2022 17:14:33.94 [1296:8928:0719/171433.949:ERROR:connection_factory_impl.cc(425)] Failed to connect to MCS endpoint with error -106
Jul 19, 2022 17:15:03.86 [1296:8928:0719/171503.861:ERROR:connection_factory_impl.cc(425)] Failed to connect to MCS endpoint with error -106
Jul 19, 2022 17:15:58.96 [1296:8928:0719/171558.961:ERROR:connection_factory_impl.cc(425)] Failed to connect to MCS endpoint with error -106
Jul 19, 2022 17:17:28.79 [1296:8928:0719/171728.796:ERROR:connection_factory_impl.cc(425)] Failed to connect to MCS endpoint with error -106
Jul 19, 2022 17:19:12.62 [1296:8928:0719/171912.624:ERROR:connection_factory_impl.cc(425)] Failed to connect to MCS endpoint with error -7
Jul 19, 2022 17:19:17.40 [1296:8928:0719/171917.407:ERROR:connection_factory_impl.cc(425)] Failed to connect to MCS endpoint with error -106
Jul 19, 2022 17:28:59.42 [1296:8928:0719/172859.427:ERROR:connection_factory_impl.cc(425)] Failed to connect to MCS endpoint with error -106
Jul 19, 2022 17:29:25.71 [1296:8928:0719/172925.717:ERROR:connection_factory_impl.cc(425)] Failed to connect to MCS endpoint with error -106
Jul 19, 2022 17:30:17.85 [1296:8928:0719/173017.856:ERROR:connection_factory_impl.cc(425)] Failed to connect to MCS endpoint with error -106
Jul 19, 2022 17:32:05.79 [1296:8928:0719/173205.798:ERROR:connection_factory_impl.cc(425)] Failed to connect to MCS endpoint with error -106
Jul 19, 2022 17:33:10.32 [1296:8928:0719/173310.320:ERROR:connection_factory_impl.cc(425)] Failed to connect to MCS endpoint with error -106
Jul 19, 2022 17:36:39.79 [1296:8928:0719/173639.798:ERROR:connection_factory_impl.cc(425)] Failed to connect to MCS endpoint with error -106
Jul 19, 2022 17:37:44.34 [1296:8928:0719/173744.327:ERROR:connection_factory_impl.cc(425)] Failed to connect to MCS endpoint with error -106
Jul 19, 2022 17:38:31.64 [1296:8928:0719/173831.643:ERROR:connection_factory_impl.cc(425)] Failed to connect to MCS endpoint with error -106
Jul 19, 2022 17:41:31.43 [1296:8928:0719/174131.436:ERROR:connection_factory_impl.cc(425)] Failed to connect to MCS endpoint with error -106
Jul 19, 2022 17:50:39.96 [1296:8928:0719/175039.969:ERROR:connection_factory_impl.cc(425)] Failed to connect to MCS endpoint with error -106
Jul 19, 2022 17:51:32.64 [1296:8928:0719/175132.640:ERROR:connection_factory_impl.cc(425)] Failed to connect to MCS endpoint with error -106

Jul 21, 2022 16:30:40.08 NEW SESSION
Jul 21, 2022 16:30:40.08 [3104:3160:0721/163040.075:ERROR:device_event_log_impl.cc(214)] [16:30:40.076] USB: usb_device_handle_win.cc:1048 Failed to read descriptor from node connection: A device attached to the system is not functioning. (0x1F)
Jul 21, 2022 16:30:53.96 [3104:3140:0721/163053.968:ERROR:registration_request.cc(247)] Registration URL fetching failed.
Jul 21, 2022 16:30:53.97 [3104:3140:0721/163053.969:ERROR:registration_request.cc(247)] Registration URL fetching failed.
Jul 21, 2022 16:30:53.97 [3104:3140:0721/163053.969:ERROR:registration_request.cc(247)] Registration URL fetching failed.
Jul 21, 2022 16:30:53.97 [3104:3140:0721/163053.969:ERROR:registration_request.cc(247)] Registration URL fetching failed.
Jul 21, 2022 16:31:12.00 [3104:3140:0721/163112.002:ERROR:connection_factory_impl.cc(425)] Failed to connect to MCS endpoint with error -7
Jul 21, 2022 16:31:37.01 [3104:1216:0721/163137.011:ERROR:util.cc(127)] Can't create base directory: C:\Program Files\Google\GoogleUpdater
Jul 21, 2022 16:32:10.31 [3104:3140:0721/163210.310:ERROR:connection_factory_impl.cc(425)] Failed to connect to MCS endpoint with error -7
Jul 21, 2022 16:46:47.60 [3104:3140:0721/164647.603:ERROR:connection_factory_impl.cc(425)] Failed to connect to MCS endpoint with error -106
Jul 21, 2022 16:54:28.67 [3104:3140:0721/165428.678:ERROR:connection_factory_impl.cc(425)] Failed to connect to MCS endpoint with error -106
Jul 21, 2022 16:55:06.22 [3104:3140:0721/165506.221:ERROR:connection_factory_impl.cc(425)] Failed to connect to MCS endpoint with error -7
Jul 21, 2022 16:57:13.09 [3104:3140:0721/165713.091:ERROR:connection_factory_impl.cc(425)] Failed to connect to MCS endpoint with error -106
Jul 21, 2022 16:57:38.54 [3104:3140:0721/165738.546:ERROR:connection_factory_impl.cc(425)] Failed to connect to MCS endpoint with error -106
Jul 21, 2022 16:58:31.74 [3104:3140:0721/165831.744:ERROR:connection_factory_impl.cc(425)] Failed to connect to MCS endpoint with error -106
Jul 21, 2022 17:04:36.30 [3104:3140:0721/170436.302:ERROR:connection_factory_impl.cc(425)] Failed to connect to MCS endpoint with error -106
Jul 21, 2022 17:06:08.05 [3104:3140:0721/170608.053:ERROR:connection_factory_impl.cc(425)] Failed to connect to MCS endpoint with error -106
Jul 21, 2022 17:29:35.59 [3104:3140:0721/172933.304:ERROR:connection_factory_impl.cc(425)] Failed to connect to MCS endpoint with error -105
Jul 21, 2022 17:29:36.12 [3104:3140:0721/172936.127:ERROR:connection_factory_impl.cc(425)] Failed to connect to MCS endpoint with error -106

Jul 22, 2022 11:41:51.68 NEW SESSION
Jul 22, 2022 11:41:51.68 [8864:9532:0722/114151.679:ERROR:device_event_log_impl.cc(214)] [11:41:51.679] USB: usb_device_handle_win.cc:1048 Failed to read descriptor from node connection: A device attached to the system is not functioning. (0x1F)
Jul 22, 2022 11:42:48.50 [8864:9580:0722/114248.503:ERROR:util.cc(127)] Can't create base directory: C:\Program Files\Google\GoogleUpdater
Jul 22, 2022 12:30:28.00 [8864:4300:0722/123027.999:ERROR:connection_factory_impl.cc(425)] Failed to connect to MCS endpoint with error -106
Jul 22, 2022 12:30:53.08 [8864:4300:0722/123053.086:ERROR:connection_factory_impl.cc(425)] Failed to connect to MCS endpoint with error -106
Jul 22, 2022 12:31:46.43 [8864:4300:0722/123146.436:ERROR:connection_factory_impl.cc(425)] Failed to connect to MCS endpoint with error -106
Jul 22, 2022 12:33:33.76 [8864:4300:0722/123333.764:ERROR:connection_factory_impl.cc(425)] Failed to connect to MCS endpoint with error -106
Jul 22, 2022 12:37:32.01 [8864:4300:0722/123732.012:ERROR:connection_factory_impl.cc(425)] Failed to connect to MCS endpoint with error -106
Jul 22, 2022 12:45:19.22 [512:7848:0722/124519.223:ERROR:device_event_log_impl.cc(214)] [12:45:19.223] USB: usb_device_handle_win.cc:1048 Failed to read descriptor from node connection: A device attached to the system is not functioning. (0x1F)
Jul 22, 2022 12:46:15.84 [512:6052:0722/124615.844:ERROR:util.cc(127)] Can't create base directory: C:\Program Files\Google\GoogleUpdater

Jul 23, 2022 13:41:28.75 NEW SESSION
Jul 23, 2022 13:41:28.75 [8716:11252:0723/134128.753:ERROR:device_event_log_impl.cc(214)] [13:41:28.753] USB: usb_device_handle_win.cc:1048 Failed to read descriptor from node connection: A device attached to the system is not functioning. (0x1F)
Jul 23, 2022 13:42:25.65 [8716:8884:0723/134225.653:ERROR:util.cc(127)] Can't create base directory: C:\Program Files\Google\GoogleUpdater
Jul 23, 2022 13:55:39.87 [8716:6092:0723/135539.878:ERROR:connection_factory_impl.cc(425)] Failed to connect to MCS endpoint with error -106
Jul 23, 2022 15:41:17.35 [8716:6092:0723/154117.356:ERROR:connection_factory_impl.cc(425)] Failed to connect to MCS endpoint with error -106
Jul 23, 2022 15:41:41.22 [8716:6092:0723/154141.222:ERROR:connection_factory_impl.cc(425)] Failed to connect to MCS endpoint with error -106
Jul 23, 2022 15:42:32.41 [8716:6092:0723/154232.414:ERROR:connection_factory_impl.cc(425)] Failed to connect to MCS endpoint with error -106
Jul 23, 2022 15:44:28.12 [8716:6092:0723/154428.120:ERROR:connection_factory_impl.cc(425)] Failed to connect to MCS endpoint with error -106
Jul 23, 2022 15:47:33.40 [8716:6092:0723/154733.408:ERROR:connection_factory_impl.cc(425)] Failed to connect to MCS endpoint with error -106
Jul 23, 2022 15:54:16.71 [8716:6092:0723/155416.716:ERROR:connection_factory_impl.cc(425)] Failed to connect to MCS endpoint with error -106
Jul 23, 2022 16:04:16.72 [8716:6092:0723/160416.729:ERROR:connection_factory_impl.cc(425)] Failed to connect to MCS endpoint with error -106
Jul 23, 2022 16:14:16.74 [8716:6092:0723/161416.747:ERROR:connection_factory_impl.cc(425)] Failed to connect to MCS endpoint with error -106
Jul 23, 2022 16:24:16.75 [8716:6092:0723/162416.752:ERROR:connection_factory_impl.cc(425)] Failed to connect to MCS endpoint with error -106
Jul 23, 2022 16:34:16.76 [8716:6092:0723/163416.761:ERROR:connection_factory_impl.cc(425)] Failed to connect to MCS endpoint with error -106
Jul 23, 2022 16:44:16.77 [8716:6092:0723/164416.775:ERROR:connection_factory_impl.cc(425)] Failed to connect to MCS endpoint with error -106
Jul 23, 2022 16:54:16.78 [8716:6092:0723/165416.787:ERROR:connection_factory_impl.cc(425)] Failed to connect to MCS endpoint with error -106
Jul 23, 2022 17:04:16.80 [8716:6092:0723/170416.800:ERROR:connection_factory_impl.cc(425)] Failed to connect to MCS endpoint with error -106
Jul 23, 2022 17:14:16.80 [8716:6092:0723/171416.808:ERROR:connection_factory_impl.cc(425)] Failed to connect to MCS endpoint with error -106
Jul 23, 2022 17:24:16.82 [8716:6092:0723/172416.825:ERROR:connection_factory_impl.cc(425)] Failed to connect to MCS endpoint with error -106
Jul 23, 2022 17:34:16.83 [8716:6092:0723/173416.835:ERROR:connection_factory_impl.cc(425)] Failed to connect to MCS endpoint with error -106
Jul 23, 2022 17:42:58.66 [8716:9404:0723/174258.660:ERROR:get_updates_processor.cc(260)] PostClientToServerMessage() failed during GetUpdates with error 2
Jul 23, 2022 17:43:43.68 [8716:7068:0723/174343.683:ERROR:get_updates_processor.cc(260)] PostClientToServerMessage() failed during GetUpdates with error 2
Jul 23, 2022 17:44:16.83 [8716:6092:0723/174416.837:ERROR:connection_factory_impl.cc(425)] Failed to connect to MCS endpoint with error -106
Jul 23, 2022 17:57:45.96 [8716:5492:0723/175745.961:ERROR:get_updates_processor.cc(260)] PostClientToServerMessage() failed during GetUpdates with error 2
Jul 23, 2022 17:57:45.96 [8716:6092:0723/175745.961:ERROR:connection_factory_impl.cc(425)] Failed to connect to MCS endpoint with error -106
Jul 23, 2022 18:02:27.22 [8716:6692:0723/180227.228:ERROR:get_updates_processor.cc(260)] PostClientToServerMessage() failed during GetUpdates with error 2
Jul 23, 2022 18:07:45.97 [8716:6092:0723/180745.969:ERROR:connection_factory_impl.cc(425)] Failed to connect to MCS endpoint with error -106
Jul 23, 2022 18:10:42.29 [8716:11252:0723/181042.291:ERROR:account_info_fetcher.cc(62)] OnGetTokenFailure: Connection failed (-106).
Jul 23, 2022 18:12:27.24 [8716:1512:0723/181227.249:ERROR:get_updates_processor.cc(260)] PostClientToServerMessage() failed during GetUpdates with error 2
Jul 23, 2022 18:17:45.97 [8716:6092:0723/181745.975:ERROR:connection_factory_impl.cc(425)] Failed to connect to MCS endpoint with error -106
Jul 23, 2022 18:22:27.25 [8716:5492:0723/182227.254:ERROR:get_updates_processor.cc(260)] PostClientToServerMessage() failed during GetUpdates with error 2
Jul 23, 2022 18:27:45.99 [8716:6092:0723/182745.990:ERROR:connection_factory_impl.cc(425)] Failed to connect to MCS endpoint with error -106
Jul 23, 2022 18:32:27.26 [8716:7068:0723/183227.263:ERROR:get_updates_processor.cc(260)] PostClientToServerMessage() failed during GetUpdates with error 2
Jul 23, 2022 18:37:45.99 [8716:6092:0723/183745.999:ERROR:connection_factory_impl.cc(425)] Failed to connect to MCS endpoint with error -106
Jul 23, 2022 18:42:25.64 [8716:2484:0723/184225.646:ERROR:util.cc(127)] Can't create base directory: C:\Program Files\Google\GoogleUpdater
Jul 23, 2022 18:42:27.27 [8716:8404:0723/184227.279:ERROR:get_updates_processor.cc(260)] PostClientToServerMessage() failed during GetUpdates with error 2
Jul 23, 2022 18:47:46.01 [8716:6092:0723/184746.015:ERROR:connection_factory_impl.cc(425)] Failed to connect to MCS endpoint with error -106
Jul 23, 2022 18:52:27.28 [8716:8404:0723/185227.289:ERROR:get_updates_processor.cc(260)] PostClientToServerMessage() failed during GetUpdates with error 2
Jul 23, 2022 18:57:46.02 [8716:6092:0723/185746.023:ERROR:connection_factory_impl.cc(425)] Failed to connect to MCS endpoint with error -106
Jul 23, 2022 19:02:27.30 [8716:8404:0723/190227.307:ERROR:get_updates_processor.cc(260)] PostClientToServerMessage() failed during GetUpdates with error 2
Jul 23, 2022 19:07:46.04 [8716:6092:0723/190746.042:ERROR:connection_factory_impl.cc(425)] Failed to connect to MCS endpoint with error -106
Jul 23, 2022 19:12:27.32 [8716:4196:0723/191227.321:ERROR:get_updates_processor.cc(260)] PostClientToServerMessage() failed during GetUpdates with error 2
Jul 23, 2022 19:17:46.05 [8716:6092:0723/191746.055:ERROR:connection_factory_impl.cc(425)] Failed to connect to MCS endpoint with error -106
Jul 23, 2022 19:22:27.33 [8716:1512:0723/192227.335:ERROR:get_updates_processor.cc(260)] PostClientToServerMessage() failed during GetUpdates with error 2
Jul 23, 2022 19:27:46.07 [8716:6092:0723/192746.072:ERROR:connection_factory_impl.cc(425)] Failed to connect to MCS endpoint with error -106
Jul 23, 2022 19:32:27.34 [8716:8404:0723/193227.340:ERROR:get_updates_processor.cc(260)] PostClientToServerMessage() failed during GetUpdates with error 2
Jul 23, 2022 19:37:46.08 [8716:6092:0723/193746.083:ERROR:connection_factory_impl.cc(425)] Failed to connect to MCS endpoint with error -106
Jul 23, 2022 19:42:27.35 [8716:5492:0723/194227.350:ERROR:get_updates_processor.cc(260)] PostClientToServerMessage() failed during GetUpdates with error 2
Jul 23, 2022 19:47:46.09 [8716:6092:0723/194746.092:ERROR:connection_factory_impl.cc(425)] Failed to connect to MCS endpoint with error -106
Jul 23, 2022 19:52:27.36 [8716:4196:0723/195227.361:ERROR:get_updates_processor.cc(260)] PostClientToServerMessage() failed during GetUpdates with error 2
Jul 23, 2022 19:57:46.10 [8716:6092:0723/195746.105:ERROR:connection_factory_impl.cc(425)] Failed to connect to MCS endpoint with error -106
Jul 23, 2022 20:02:27.37 [8716:7068:0723/200227.371:ERROR:get_updates_processor.cc(260)] PostClientToServerMessage() failed during GetUpdates with error 2
Jul 23, 2022 20:07:46.10 [8716:6092:0723/200746.109:ERROR:connection_factory_impl.cc(425)] Failed to connect to MCS endpoint with error -106
Jul 23, 2022 20:12:27.38 [8716:1512:0723/201227.386:ERROR:get_updates_processor.cc(260)] PostClientToServerMessage() failed during GetUpdates with error 2
Jul 23, 2022 20:17:46.11 [8716:6092:0723/201746.117:ERROR:connection_factory_impl.cc(425)] Failed to connect to MCS endpoint with error -106
Jul 23, 2022 20:22:27.39 [8716:1512:0723/202227.393:ERROR:get_updates_processor.cc(260)] PostClientToServerMessage() failed during GetUpdates with error 2

Jul 26, 2022 13:28:17.00 NEW SESSION
Jul 26, 2022 13:28:17.00 [6592:760:0726/132817.008:ERROR:device_event_log_impl.cc(214)] [13:28:17.004] USB: usb_device_handle_win.cc:1048 Failed to read descriptor from node connection: A device attached to the system is not functioning. (0x1F)
Jul 26, 2022 13:29:13.65 [6592:8796:0726/132913.653:ERROR:util.cc(127)] Can't create base directory: C:\Program Files\Google\GoogleUpdater
Jul 26, 2022 13:39:43.84 [6592:8372:0726/133943.844:ERROR:connection_factory_impl.cc(425)] Failed to connect to MCS endpoint with error -105

Jul 27, 2022 15:24:57.51 NEW SESSION
Jul 27, 2022 15:24:57.52 [7060:5912:0727/152457.509:ERROR:device_event_log_impl.cc(214)] [15:24:57.509] USB: usb_device_handle_win.cc:1048 Failed to read descriptor from node connection: A device attached to the system is not functioning. (0x1F)
Jul 27, 2022 15:24:58.14 [7060:1536:0727/152458.140:ERROR:connection_factory_impl.cc(425)] Failed to connect to MCS endpoint with error -106
Jul 27, 2022 15:25:27.10 [7060:1536:0727/152527.106:ERROR:connection_factory_impl.cc(425)] Failed to connect to MCS endpoint with error -106
Jul 27, 2022 15:25:28.13 [7060:5912:0727/152528.136:ERROR:account_info_fetcher.cc(62)] OnGetTokenFailure: Connection failed (-106).
Jul 27, 2022 15:25:54.45 [7060:9692:0727/152554.450:ERROR:util.cc(127)] Can't create base directory: C:\Program Files\Google\GoogleUpdater
Jul 27, 2022 15:26:10.75 [7060:1536:0727/152610.759:ERROR:connection_factory_impl.cc(425)] Failed to connect to MCS endpoint with error -106
Jul 27, 2022 15:27:31.37 [7060:1536:0727/152731.374:ERROR:connection_factory_impl.cc(425)] Failed to connect to MCS endpoint with error -106
Jul 27, 2022 15:31:30.39 [7060:1536:0727/153130.396:ERROR:connection_factory_impl.cc(425)] Failed to connect to MCS endpoint with error -106
Jul 27, 2022 15:37:34.15 [7060:1536:0727/153734.155:ERROR:connection_factory_impl.cc(425)] Failed to connect to MCS endpoint with error -106

Jul 28, 2022 14:51:43.85 NEW SESSION
Jul 28, 2022 14:51:43.85 [8580:2300:0728/145143.848:ERROR:device_event_log_impl.cc(214)] [14:51:43.848] USB: usb_device_handle_win.cc:1048 Failed to read descriptor from node connection: A device attached to the system is not functioning. (0x1F)
Jul 28, 2022 14:52:40.20 [8580:4856:0728/145240.204:ERROR:util.cc(127)] Can't create base directory: C:\Program Files\Google\GoogleUpdater
Jul 28, 2022 15:09:35.77 [8580:7216:0728/150935.775:ERROR:connection_factory_impl.cc(425)] Failed to connect to MCS endpoint with error -106
Jul 28, 2022 15:11:40.57 [8580:7216:0728/151140.577:ERROR:connection_factory_impl.cc(425)] Failed to connect to MCS endpoint with error -106
Jul 28, 2022 15:12:06.09 [8580:7216:0728/151206.072:ERROR:connection_factory_impl.cc(425)] Failed to connect to MCS endpoint with error -106
Jul 28, 2022 15:12:49.53 [8580:7216:0728/151249.537:ERROR:connection_factory_impl.cc(425)] Failed to connect to MCS endpoint with error -106
Jul 28, 2022 15:14:20.96 [8580:7216:0728/151420.966:ERROR:connection_factory_impl.cc(425)] Failed to connect to MCS endpoint with error -106
Jul 28, 2022 15:30:11.32 [6272:920:0728/153011.181:ERROR:device_event_log_impl.cc(214)] [15:30:11.181] USB: usb_device_handle_win.cc:1048 Failed to read descriptor from node connection: A device attached to the system is not functioning. (0x1F)
Jul 28, 2022 15:30:22.83 [6272:3348:0728/153022.834:ERROR:connection_factory_impl.cc(425)] Failed to connect to MCS endpoint with error -105
Jul 28, 2022 15:30:25.52 [6272:3348:0728/153025.523:ERROR:connection_factory_impl.cc(425)] Failed to connect to MCS endpoint with error -106
Jul 28, 2022 15:31:06.39 [6272:8640:0728/153106.392:ERROR:util.cc(127)] Can't create base directory: C:\Program Files\Google\GoogleUpdater
Jul 28, 2022 15:31:06.47 [6272:3348:0728/153106.470:ERROR:connection_factory_impl.cc(425)] Failed to connect to MCS endpoint with error -106
Jul 28, 2022 15:32:49.64 [6272:3348:0728/153249.647:ERROR:connection_factory_impl.cc(425)] Failed to connect to MCS endpoint with error -106
Jul 28, 2022 15:43:57.42 [6272:3348:0728/154357.428:ERROR:connection_factory_impl.cc(425)] Failed to connect to MCS endpoint with error -106

Jul 30, 2022 14:27:15.99 NEW SESSION
Jul 30, 2022 14:27:15.99 [1884:4640:0730/142715.990:ERROR:device_event_log_impl.cc(214)] [14:27:15.989] USB: usb_device_handle_win.cc:1048 Failed to read descriptor from node connection: A device attached to the system is not functioning. (0x1F)
Jul 30, 2022 14:27:16.14 [1884:2428:0730/142716.141:ERROR:connection_factory_impl.cc(425)] Failed to connect to MCS endpoint with error -106
Jul 30, 2022 14:27:37.87 [1884:2428:0730/142737.870:ERROR:connection_factory_impl.cc(425)] Failed to connect to MCS endpoint with error -106
Jul 30, 2022 14:28:13.14 [1884:7872:0730/142813.145:ERROR:util.cc(127)] Can't create base directory: C:\Program Files\Google\GoogleUpdater
Jul 30, 2022 14:28:30.90 [1884:2428:0730/142830.903:ERROR:connection_factory_impl.cc(425)] Failed to connect to MCS endpoint with error -106
Jul 30, 2022 14:30:27.41 [1884:2428:0730/143027.416:ERROR:connection_factory_impl.cc(425)] Failed to connect to MCS endpoint with error -106
Jul 30, 2022 14:34:23.49 [1884:2428:0730/143423.498:ERROR:connection_factory_impl.cc(425)] Failed to connect to MCS endpoint with error -106
Jul 30, 2022 14:40:46.15 [1884:2428:0730/144046.158:ERROR:connection_factory_impl.cc(425)] Failed to connect to MCS endpoint with error -106
Jul 30, 2022 14:50:46.15 [1884:2428:0730/145046.159:ERROR:connection_factory_impl.cc(425)] Failed to connect to MCS endpoint with error -106
Jul 30, 2022 15:00:46.17 [1884:2428:0730/150046.176:ERROR:connection_factory_impl.cc(425)] Failed to connect to MCS endpoint with error -106
Jul 30, 2022 15:10:46.18 [1884:2428:0730/151046.185:ERROR:connection_factory_impl.cc(425)] Failed to connect to MCS endpoint with error -106
Jul 30, 2022 15:20:46.18 [1884:2428:0730/152046.188:ERROR:connection_factory_impl.cc(425)] Failed to connect to MCS endpoint with error -106
Jul 30, 2022 15:25:27.75 [1884:4640:0730/152527.754:ERROR:account_info_fetcher.cc(62)] OnGetTokenFailure: Connection failed (-106).
Jul 30, 2022 15:30:46.19 [1884:2428:0730/153046.197:ERROR:connection_factory_impl.cc(425)] Failed to connect to MCS endpoint with error -106
Jul 30, 2022 15:40:46.20 [1884:2428:0730/154046.207:ERROR:connection_factory_impl.cc(425)] Failed to connect to MCS endpoint with error -106
Jul 30, 2022 15:50:46.21 [1884:2428:0730/155046.212:ERROR:connection_factory_impl.cc(425)] Failed to connect to MCS endpoint with error -106
Jul 30, 2022 21:56:51.80 [1884:2428:0730/215651.800:ERROR:connection_factory_impl.cc(425)] Failed to connect to MCS endpoint with error -106
Jul 30, 2022 21:56:52.08 [1884:4608:0730/215652.081:ERROR:util.cc(127)] Can't create base directory: C:\Program Files\Google\GoogleUpdater

Aug 01, 2022 11:53:19.03 NEW SESSION
Aug 01, 2022 11:53:19.03 [1428:3784:0801/115319.023:ERROR:device_event_log_impl.cc(214)] [11:53:19.023] USB: usb_device_handle_win.cc:1048 Failed to read descriptor from node connection: A device attached to the system is not functioning. (0x1F)
Aug 01, 2022 11:53:20.04 [1428:228:0801/115320.049:ERROR:connection_factory_impl.cc(425)] Failed to connect to MCS endpoint with error -106
Aug 01, 2022 11:53:47.98 [1428:228:0801/115347.983:ERROR:connection_factory_impl.cc(425)] Failed to connect to MCS endpoint with error -106
Aug 01, 2022 11:53:49.88 [1428:3784:0801/115349.887:ERROR:account_info_fetcher.cc(62)] OnGetTokenFailure: Connection failed (-106).
Aug 01, 2022 11:54:16.26 [1428:9112:0801/115416.265:ERROR:util.cc(127)] Can't create base directory: C:\Program Files\Google\GoogleUpdater
Aug 01, 2022 11:54:38.48 [1428:228:0801/115438.485:ERROR:connection_factory_impl.cc(425)] Failed to connect to MCS endpoint with error -106
Aug 01, 2022 11:56:33.99 [1428:228:0801/115633.993:ERROR:connection_factory_impl.cc(425)] Failed to connect to MCS endpoint with error -106
Aug 01, 2022 12:00:11.07 [1428:228:0801/120011.076:ERROR:connection_factory_impl.cc(425)] Failed to connect to MCS endpoint with error -106
Aug 01, 2022 12:07:39.10 [1428:228:0801/120739.099:ERROR:connection_factory_impl.cc(425)] Failed to connect to MCS endpoint with error -106
Aug 01, 2022 12:17:39.10 [1428:228:0801/121739.107:ERROR:connection_factory_impl.cc(425)] Failed to connect to MCS endpoint with error -106
Aug 01, 2022 12:40:12.04 [1428:228:0801/124012.043:ERROR:connection_factory_impl.cc(425)] Failed to connect to MCS endpoint with error -106
Aug 01, 2022 12:50:12.05 [1428:228:0801/125012.057:ERROR:connection_factory_impl.cc(425)] Failed to connect to MCS endpoint with error -106
Aug 01, 2022 13:00:12.05 [1428:228:0801/130012.051:ERROR:connection_factory_impl.cc(425)] Failed to connect to MCS endpoint with error -106
Aug 01, 2022 13:10:12.05 [1428:228:0801/131012.055:ERROR:connection_factory_impl.cc(425)] Failed to connect to MCS endpoint with error -106
Aug 01, 2022 13:20:12.06 [1428:228:0801/132012.066:ERROR:connection_factory_impl.cc(425)] Failed to connect to MCS endpoint with error -106
Aug 01, 2022 13:30:12.08 [1428:228:0801/133012.083:ERROR:connection_factory_impl.cc(425)] Failed to connect to MCS endpoint with error -106
Aug 01, 2022 13:40:12.09 [1428:228:0801/134012.094:ERROR:connection_factory_impl.cc(425)] Failed to connect to MCS endpoint with error -106
Aug 01, 2022 13:50:12.12 [1428:228:0801/135012.119:ERROR:connection_factory_impl.cc(425)] Failed to connect to MCS endpoint with error -106
Aug 01, 2022 15:14:32.98 [1428:228:0801/151432.984:ERROR:connection_factory_impl.cc(425)] Failed to connect to MCS endpoint with error -106
Aug 01, 2022 15:15:43.96 [1428:228:0801/151543.964:ERROR:connection_factory_impl.cc(425)] Failed to connect to MCS endpoint with error -105
Aug 01, 2022 15:15:49.50 [1428:228:0801/151549.502:ERROR:connection_factory_impl.cc(425)] Failed to connect to MCS endpoint with error -106
Aug 01, 2022 15:25:49.51 [1428:228:0801/152549.513:ERROR:connection_factory_impl.cc(425)] Failed to connect to MCS endpoint with error -106
Aug 01, 2022 15:35:49.52 [1428:228:0801/153549.519:ERROR:connection_factory_impl.cc(425)] Failed to connect to MCS endpoint with error -106
Aug 01, 2022 15:45:49.53 [1428:228:0801/154549.529:ERROR:connection_factory_impl.cc(425)] Failed to connect to MCS endpoint with error -106
Aug 01, 2022 15:55:49.53 [1428:228:0801/155549.531:ERROR:connection_factory_impl.cc(425)] Failed to connect to MCS endpoint with error -106
Aug 01, 2022 16:05:49.53 [1428:228:0801/160549.536:ERROR:connection_factory_impl.cc(425)] Failed to connect to MCS endpoint with error -106
Aug 01, 2022 16:15:49.54 [1428:228:0801/161549.541:ERROR:connection_factory_impl.cc(425)] Failed to connect to MCS endpoint with error -106
Aug 01, 2022 16:25:49.56 [1428:228:0801/162549.561:ERROR:connection_factory_impl.cc(425)] Failed to connect to MCS endpoint with error -106
Aug 01, 2022 16:35:49.57 [1428:228:0801/163549.571:ERROR:connection_factory_impl.cc(425)] Failed to connect to MCS endpoint with error -106
Aug 01, 2022 16:45:49.57 [1428:228:0801/164549.579:ERROR:connection_factory_impl.cc(425)] Failed to connect to MCS endpoint with error -106
Aug 01, 2022 16:54:16.23 [1428:9456:0801/165416.239:ERROR:util.cc(127)] Can't create base directory: C:\Program Files\Google\GoogleUpdater
Aug 01, 2022 16:55:49.59 [1428:228:0801/165549.591:ERROR:connection_factory_impl.cc(425)] Failed to connect to MCS endpoint with error -106
Aug 01, 2022 17:05:49.60 [1428:228:0801/170549.605:ERROR:connection_factory_impl.cc(425)] Failed to connect to MCS endpoint with error -106
Aug 01, 2022 17:15:49.60 [1428:228:0801/171549.606:ERROR:connection_factory_impl.cc(425)] Failed to connect to MCS endpoint with error -106
Aug 01, 2022 17:25:49.61 [1428:228:0801/172549.618:ERROR:connection_factory_impl.cc(425)] Failed to connect to MCS endpoint with error -106
Aug 01, 2022 17:35:49.62 [1428:228:0801/173549.629:ERROR:connection_factory_impl.cc(425)] Failed to connect to MCS endpoint with error -106

Aug 02, 2022 12:48:19.22 NEW SESSION
Aug 02, 2022 12:48:19.22 [7476:1920:0802/124819.215:ERROR:device_event_log_impl.cc(214)] [12:48:19.215] USB: usb_device_handle_win.cc:1048 Failed to read descriptor from node connection: A device attached to the system is not functioning. (0x1F)
Aug 02, 2022 12:48:19.77 [7476:5512:0802/124819.771:ERROR:connection_factory_impl.cc(425)] Failed to connect to MCS endpoint with error -106
Aug 02, 2022 12:48:41.25 [7476:5512:0802/124841.249:ERROR:connection_factory_impl.cc(425)] Failed to connect to MCS endpoint with error -106
Aug 02, 2022 12:48:50.35 [7476:1920:0802/124850.358:ERROR:account_info_fetcher.cc(62)] OnGetTokenFailure: Connection failed (-106).
Aug 02, 2022 12:49:16.31 [7476:5704:0802/124916.316:ERROR:util.cc(127)] Can't create base directory: C:\Program Files\Google\GoogleUpdater
Aug 02, 2022 12:49:38.05 [7476:5512:0802/124938.052:ERROR:connection_factory_impl.cc(425)] Failed to connect to MCS endpoint with error -106
Aug 02, 2022 12:51:14.38 [7476:5512:0802/125114.386:ERROR:connection_factory_impl.cc(425)] Failed to connect to MCS endpoint with error -106
Aug 02, 2022 12:57:57.58 [7476:8880:0802/125757.583:ERROR:gcm_store_impl.cc(650)] LevelDB remove failed: NotFound: 
Aug 02, 2022 12:57:57.58 [7476:5512:0802/125757.583:ERROR:mcs_client.cc(527)] GCM Update failed!

Aug 02, 2022 15:10:18.39 NEW SESSION
Aug 02, 2022 15:10:18.39 [1756:9616:0802/151018.383:ERROR:device_event_log_impl.cc(214)] [15:10:18.383] USB: usb_device_handle_win.cc:1048 Failed to read descriptor from node connection: A device attached to the system is not functioning. (0x1F)
Aug 02, 2022 15:10:18.63 [1756:6956:0802/151018.630:ERROR:connection_factory_impl.cc(425)] Failed to connect to MCS endpoint with error -106
Aug 02, 2022 15:10:46.83 [1756:6956:0802/151046.830:ERROR:connection_factory_impl.cc(425)] Failed to connect to MCS endpoint with error -106
Aug 02, 2022 15:11:14.81 [1756:9336:0802/151114.815:ERROR:util.cc(127)] Can't create base directory: C:\Program Files\Google\GoogleUpdater
Aug 02, 2022 15:11:42.85 [1756:6956:0802/151142.850:ERROR:connection_factory_impl.cc(425)] Failed to connect to MCS endpoint with error -106
Aug 02, 2022 15:13:12.33 [1756:6956:0802/151312.332:ERROR:connection_factory_impl.cc(425)] Failed to connect to MCS endpoint with error -106
Aug 02, 2022 15:17:11.52 [1756:6956:0802/151711.526:ERROR:connection_factory_impl.cc(425)] Failed to connect to MCS endpoint with error -106
Aug 02, 2022 15:22:52.88 [1756:6956:0802/152252.883:ERROR:connection_factory_impl.cc(425)] Failed to connect to MCS endpoint with error -106
Aug 02, 2022 15:32:52.89 [1756:6956:0802/153252.890:ERROR:connection_factory_impl.cc(425)] Failed to connect to MCS endpoint with error -106
Aug 02, 2022 15:42:52.90 [1756:6956:0802/154252.908:ERROR:connection_factory_impl.cc(425)] Failed to connect to MCS endpoint with error -106
Aug 02, 2022 15:52:52.91 [1756:6956:0802/155252.919:ERROR:connection_factory_impl.cc(425)] Failed to connect to MCS endpoint with error -106
Aug 02, 2022 16:02:52.93 [1756:6956:0802/160252.931:ERROR:connection_factory_impl.cc(425)] Failed to connect to MCS endpoint with error -106
Aug 02, 2022 16:12:52.94 [1756:6956:0802/161252.942:ERROR:connection_factory_impl.cc(425)] Failed to connect to MCS endpoint with error -106
Aug 02, 2022 16:22:52.95 [1756:6956:0802/162252.951:ERROR:connection_factory_impl.cc(425)] Failed to connect to MCS endpoint with error -106
Aug 02, 2022 16:32:52.96 [1756:6956:0802/163252.960:ERROR:connection_factory_impl.cc(425)] Failed to connect to MCS endpoint with error -106
Aug 02, 2022 16:42:52.97 [1756:6956:0802/164252.978:ERROR:connection_factory_impl.cc(425)] Failed to connect to MCS endpoint with error -106
Aug 02, 2022 16:52:52.98 [1756:6956:0802/165252.987:ERROR:connection_factory_impl.cc(425)] Failed to connect to MCS endpoint with error -106
Aug 02, 2022 17:02:53.00 [1756:6956:0802/170253.001:ERROR:connection_factory_impl.cc(425)] Failed to connect to MCS endpoint with error -106
Aug 02, 2022 17:12:53.00 [1756:6956:0802/171253.008:ERROR:connection_factory_impl.cc(425)] Failed to connect to MCS endpoint with error -106
Aug 02, 2022 17:22:53.02 [1756:6956:0802/172253.024:ERROR:connection_factory_impl.cc(425)] Failed to connect to MCS endpoint with error -106
Aug 02, 2022 17:32:53.03 [1756:6956:0802/173253.037:ERROR:connection_factory_impl.cc(425)] Failed to connect to MCS endpoint with error -106

Aug 03, 2022 12:45:34.63 NEW SESSION
Aug 03, 2022 12:45:34.63 [3164:7428:0803/124534.632:ERROR:device_event_log_impl.cc(214)] [12:45:34.632] USB: usb_device_handle_win.cc:1048 Failed to read descriptor from node connection: A device attached to the system is not functioning. (0x1F)
Aug 03, 2022 12:46:30.95 [3164:8868:0803/124630.954:ERROR:util.cc(127)] Can't create base directory: C:\Program Files\Google\GoogleUpdater

Aug 04, 2022 15:15:41.69 NEW SESSION
Aug 04, 2022 15:15:41.69 [7936:5552:0804/151541.694:ERROR:device_event_log_impl.cc(214)] [15:15:41.694] USB: usb_device_handle_win.cc:1048 Failed to read descriptor from node connection: A device attached to the system is not functioning. (0x1F)
Aug 04, 2022 15:15:41.95 [7936:6668:0804/151541.957:ERROR:connection_factory_impl.cc(425)] Failed to connect to MCS endpoint with error -106
Aug 04, 2022 15:16:11.18 [7936:6668:0804/151611.181:ERROR:connection_factory_impl.cc(425)] Failed to connect to MCS endpoint with error -106
Aug 04, 2022 15:16:13.17 [7936:5552:0804/151613.175:ERROR:account_info_fetcher.cc(62)] OnGetTokenFailure: Connection failed (-106).
Aug 04, 2022 15:16:38.78 [7936:232:0804/151638.788:ERROR:util.cc(127)] Can't create base directory: C:\Program Files\Google\GoogleUpdater
Aug 04, 2022 15:17:01.05 [7936:6668:0804/151701.052:ERROR:connection_factory_impl.cc(425)] Failed to connect to MCS endpoint with error -106
Aug 04, 2022 15:18:41.60 [7936:6668:0804/151841.602:ERROR:connection_factory_impl.cc(425)] Failed to connect to MCS endpoint with error -106
Aug 04, 2022 15:22:17.66 [7936:6668:0804/152217.660:ERROR:connection_factory_impl.cc(425)] Failed to connect to MCS endpoint with error -106
Aug 04, 2022 15:29:26.26 [7936:6668:0804/152926.265:ERROR:connection_factory_impl.cc(425)] Failed to connect to MCS endpoint with error -106
Aug 04, 2022 15:39:26.27 [7936:6668:0804/153926.271:ERROR:connection_factory_impl.cc(425)] Failed to connect to MCS endpoint with error -106
Aug 04, 2022 15:49:26.29 [7936:6668:0804/154926.298:ERROR:connection_factory_impl.cc(425)] Failed to connect to MCS endpoint with error -106
Aug 04, 2022 15:59:26.30 [7936:6668:0804/155926.301:ERROR:connection_factory_impl.cc(425)] Failed to connect to MCS endpoint with error -106
Aug 04, 2022 16:09:26.31 [7936:6668:0804/160926.314:ERROR:connection_factory_impl.cc(425)] Failed to connect to MCS endpoint with error -106
Aug 04, 2022 16:19:26.32 [7936:6668:0804/161926.328:ERROR:connection_factory_impl.cc(425)] Failed to connect to MCS endpoint with error -106
Aug 04, 2022 16:29:26.33 [7936:6668:0804/162926.331:ERROR:connection_factory_impl.cc(425)] Failed to connect to MCS endpoint with error -106
Aug 04, 2022 16:39:26.33 [7936:6668:0804/163926.337:ERROR:connection_factory_impl.cc(425)] Failed to connect to MCS endpoint with error -106
Aug 04, 2022 16:49:26.34 [7936:6668:0804/164926.346:ERROR:connection_factory_impl.cc(425)] Failed to connect to MCS endpoint with error -106
Aug 04, 2022 16:59:26.35 [7936:6668:0804/165926.356:ERROR:connection_factory_impl.cc(425)] Failed to connect to MCS endpoint with error -106
Aug 04, 2022 16:59:40.82 [7936:6668:0804/165940.828:ERROR:connection_factory_impl.cc(425)] Failed to connect to MCS endpoint with error -105
Aug 04, 2022 16:59:52.82 [7936:6668:0804/165952.826:ERROR:connection_factory_impl.cc(425)] Failed to connect to MCS endpoint with error -105
Aug 04, 2022 17:00:05.73 [7936:6668:0804/170005.726:ERROR:connection_factory_impl.cc(425)] Failed to connect to MCS endpoint with error -106
Aug 04, 2022 17:00:40.53 [7936:6668:0804/170040.538:ERROR:connection_factory_impl.cc(425)] Failed to connect to MCS endpoint with error -105
Aug 04, 2022 17:00:42.56 [7936:6668:0804/170042.565:ERROR:connection_factory_impl.cc(425)] Failed to connect to MCS endpoint with error -106
Aug 04, 2022 17:00:46.91 [7936:6668:0804/170046.916:ERROR:connection_factory_impl.cc(425)] Failed to connect to MCS endpoint with error -105
Aug 04, 2022 17:19:23.42 [7936:6668:0804/171923.424:ERROR:connection_factory_impl.cc(425)] Failed to connect to MCS endpoint with error -106
Aug 04, 2022 17:19:45.81 [7936:6668:0804/171945.817:ERROR:connection_factory_impl.cc(425)] Failed to connect to MCS endpoint with error -106
Aug 04, 2022 17:20:37.26 [7936:6668:0804/172037.267:ERROR:connection_factory_impl.cc(425)] Failed to connect to MCS endpoint with error -106
Aug 04, 2022 17:22:32.20 [7936:6668:0804/172232.206:ERROR:connection_factory_impl.cc(425)] Failed to connect to MCS endpoint with error -106
Aug 04, 2022 17:25:31.21 [7936:6668:0804/172531.212:ERROR:connection_factory_impl.cc(425)] Failed to connect to MCS endpoint with error -106
Aug 04, 2022 17:27:09.28 [7936:6668:0804/172709.288:ERROR:connection_factory_impl.cc(425)] Failed to connect to MCS endpoint with error -106
Aug 04, 2022 17:27:19.08 [7936:6668:0804/172719.082:ERROR:connection_factory_impl.cc(425)] Failed to connect to MCS endpoint with error -105
Aug 04, 2022 17:27:21.08 [7936:6668:0804/172721.087:ERROR:connection_factory_impl.cc(425)] Failed to connect to MCS endpoint with error -106
Aug 04, 2022 17:37:21.10 [7936:6668:0804/173721.109:ERROR:connection_factory_impl.cc(425)] Failed to connect to MCS endpoint with error -106
Aug 04, 2022 17:47:21.13 [7936:6668:0804/174721.129:ERROR:connection_factory_impl.cc(425)] Failed to connect to MCS endpoint with error -106
Aug 04, 2022 17:57:21.14 [7936:6668:0804/175721.141:ERROR:connection_factory_impl.cc(425)] Failed to connect to MCS endpoint with error -106
Aug 04, 2022 18:07:21.16 [7936:6668:0804/180721.167:ERROR:connection_factory_impl.cc(425)] Failed to connect to MCS endpoint with error -106
Aug 04, 2022 18:17:21.18 [7936:6668:0804/181721.181:ERROR:connection_factory_impl.cc(425)] Failed to connect to MCS endpoint with error -106

Aug 05, 2022 13:28:09.59 NEW SESSION
Aug 05, 2022 13:28:09.59 [8368:8600:0805/132809.589:ERROR:device_event_log_impl.cc(214)] [13:28:09.588] USB: usb_device_handle_win.cc:1048 Failed to read descriptor from node connection: A device attached to the system is not functioning. (0x1F)
Aug 05, 2022 13:29:05.18 [8368:7372:0805/132905.180:ERROR:util.cc(127)] Can't create base directory: C:\Program Files\Google\GoogleUpdater
